2026-01-30 10:58:39 - kse.indexing.kse_indexer_pipeline - ERROR - Failed to index page https://riksdagen.se: 'sveriges'
2026-01-30 10:58:39 - kse.indexing.kse_indexer_pipeline - ERROR - Failed to index page https://www.riksdagen.se/sv/sok/?doktyp=sfs&dokstat=g%C3%A4llande+sfs: 'sveriges'
2026-01-30 10:58:39 - kse.indexing.kse_indexer_pipeline - ERROR - Failed to index page https://www.riksdagen.se/sv/sa-fungerar-riksdagen/demokrati/sveriges-grundlagar-och-riksdagsordningen/: 'sveriges'
2026-01-30 10:58:39 - kse.indexing.kse_indexer_pipeline - ERROR - Failed to index page https://www.riksdagen.se/sv/aktuellt/: 'sveriges'
2026-01-30 10:58:39 - kse.indexing.kse_indexer_pipeline - ERROR - Failed to index page https://www.riksdagen.se/sv/dokument-och-lagar/dokument/_H6D1plan/: 'ärend'
2026-01-30 10:58:39 - kse.indexing.kse_indexer_pipeline - ERROR - Failed to index page https://www.riksdagen.se/sv/sok/?avd=dokument: 'sveriges'
2026-01-30 10:58:39 - kse.indexing.kse_indexer_pipeline - ERROR - Failed to index page https://www.riksdagen.se/sv/dokument-och-lagar/dokument/betankande/arbetsprovning-med-bibehallen-sjukpenning_hd01sfu9/: 'arbetsprövning'
2026-01-30 10:58:39 - kse.indexing.kse_indexer_pipeline - ERROR - Failed to index page https://www.riksdagen.se/sv/dokument-och-lagar/dokument/betankande/utokade-registerkontroller-vid-anstallning-i_hd01juu22/: 'utöka'
2026-01-30 10:58:39 - kse.indexing.kse_indexer_pipeline - ERROR - Failed to index page https://www.riksdagen.se/sv/aktuellt/aktuelltnotiser/2026/jan/28/talmannen-gor-officiellt-besok-i-portugal_cmsd312c603-dbe6-4d25-8400-e90c1a0ef5b8sv/: 'talmann'
2026-01-30 10:58:39 - kse.indexing.kse_indexer_pipeline - ERROR - Failed to index page https://riksdagen.se/sv/?jm5Q2CmPMUOT1gkmXhpShw=from%3D2026-01-29: 'sveriges'
2026-01-30 10:58:39 - kse.indexing.kse_indexer_pipeline - ERROR - Failed to index page https://riksdagen.se/sv/?jm5Q2CmPMUOT1gkmXhpShw=from%3D2026-01-31: 'sveriges'
2026-01-30 10:58:39 - kse.indexing.kse_indexer_pipeline - ERROR - Failed to index page https://www.riksdagen.se/sv/aktuellt/kalendersida/kalenderhandelse/session/2026/jan/30/paces-session-i-strasbourg_rdhdc220260126ss1/: 'pac'
2026-01-30 10:58:39 - kse.indexing.kse_indexer_pipeline - ERROR - Failed to index page https://www.riksdagen.se/sv/aktuellt/kalendersida/: 'kalendersid'
2026-01-30 10:58:39 - kse.indexing.kse_indexer_pipeline - ERROR - Failed to index page https://www.riksdagen.se/sv/sa-fungerar-riksdagen/utskotten-och-eu-namnden/: 'utskott'
2026-01-30 10:58:39 - kse.indexing.kse_indexer_pipeline - ERROR - Failed to index page https://www.riksdagen.se/sv/sok/?avd=webbtv: 'sveriges'
2026-01-31 00:41:51 - gui.control_center.modules.scc_secondary_control - ERROR - Error refreshing data: setForeground(self, brush: Union[QBrush, Union[QColor, Qt.GlobalColor, int], QGradient]): argument 1 has unexpected type 'str'
2026-01-31 19:46:27 - gui.control_center.modules.scc_secondary_control - ERROR - Error refreshing data: setForeground(self, brush: Union[QBrush, Union[QColor, Qt.GlobalColor, int], QGradient]): argument 1 has unexpected type 'str'
2026-01-31 19:46:42 - gui.control_center.modules.scc_secondary_control - ERROR - Error refreshing data: setForeground(self, brush: Union[QBrush, Union[QColor, Qt.GlobalColor, int], QGradient]): argument 1 has unexpected type 'str'
2026-01-31 19:46:57 - gui.control_center.modules.scc_secondary_control - ERROR - Error refreshing data: setForeground(self, brush: Union[QBrush, Union[QColor, Qt.GlobalColor, int], QGradient]): argument 1 has unexpected type 'str'
2026-01-31 19:47:12 - gui.control_center.modules.scc_secondary_control - ERROR - Error refreshing data: setForeground(self, brush: Union[QBrush, Union[QColor, Qt.GlobalColor, int], QGradient]): argument 1 has unexpected type 'str'
2026-01-31 19:47:27 - gui.control_center.modules.scc_secondary_control - ERROR - Error refreshing data: setForeground(self, brush: Union[QBrush, Union[QColor, Qt.GlobalColor, int], QGradient]): argument 1 has unexpected type 'str'
2026-01-31 19:47:42 - gui.control_center.modules.scc_secondary_control - ERROR - Error refreshing data: setForeground(self, brush: Union[QBrush, Union[QColor, Qt.GlobalColor, int], QGradient]): argument 1 has unexpected type 'str'
2026-01-31 19:47:57 - gui.control_center.modules.scc_secondary_control - ERROR - Error refreshing data: setForeground(self, brush: Union[QBrush, Union[QColor, Qt.GlobalColor, int], QGradient]): argument 1 has unexpected type 'str'
2026-01-31 19:48:12 - gui.control_center.modules.scc_secondary_control - ERROR - Error refreshing data: setForeground(self, brush: Union[QBrush, Union[QColor, Qt.GlobalColor, int], QGradient]): argument 1 has unexpected type 'str'
2026-01-31 19:48:27 - gui.control_center.modules.scc_secondary_control - ERROR - Error refreshing data: setForeground(self, brush: Union[QBrush, Union[QColor, Qt.GlobalColor, int], QGradient]): argument 1 has unexpected type 'str'
2026-01-31 19:48:42 - gui.control_center.modules.scc_secondary_control - ERROR - Error refreshing data: setForeground(self, brush: Union[QBrush, Union[QColor, Qt.GlobalColor, int], QGradient]): argument 1 has unexpected type 'str'
2026-01-31 19:48:57 - gui.control_center.modules.scc_secondary_control - ERROR - Error refreshing data: setForeground(self, brush: Union[QBrush, Union[QColor, Qt.GlobalColor, int], QGradient]): argument 1 has unexpected type 'str'
2026-01-31 19:49:12 - gui.control_center.modules.scc_secondary_control - ERROR - Error refreshing data: setForeground(self, brush: Union[QBrush, Union[QColor, Qt.GlobalColor, int], QGradient]): argument 1 has unexpected type 'str'
2026-01-31 20:05:56 - gui.control_center.modules.scc_secondary_control - ERROR - Error refreshing data: setForeground(self, brush: Union[QBrush, Union[QColor, Qt.GlobalColor, int], QGradient]): argument 1 has unexpected type 'str'
2026-01-31 20:06:01 - gui.control_center.modules.scc_secondary_control - ERROR - Error refreshing data: setForeground(self, brush: Union[QBrush, Union[QColor, Qt.GlobalColor, int], QGradient]): argument 1 has unexpected type 'str'
2026-01-31 20:06:16 - gui.control_center.modules.scc_secondary_control - ERROR - Error refreshing data: setForeground(self, brush: Union[QBrush, Union[QColor, Qt.GlobalColor, int], QGradient]): argument 1 has unexpected type 'str'
2026-01-31 20:06:31 - gui.control_center.modules.scc_secondary_control - ERROR - Error refreshing data: setForeground(self, brush: Union[QBrush, Union[QColor, Qt.GlobalColor, int], QGradient]): argument 1 has unexpected type 'str'
2026-01-31 20:22:06 - gui.control_center.modules.scc_secondary_control - ERROR - Error refreshing data: setForeground(self, brush: Union[QBrush, Union[QColor, Qt.GlobalColor, int], QGradient]): argument 1 has unexpected type 'str'
2026-01-31 20:28:15 - kse.crawler.kse_crawler_core - ERROR - HTTP fetch failed for https://www.sv.wikipedia.org: Connection error: https://www.sv.wikipedia.org
2026-01-31 22:50:58 - gui.control_center.modules.scc_secondary_control - ERROR - Error refreshing data: setForeground(self, brush: Union[QBrush, Union[QColor, Qt.GlobalColor, int], QGradient]): argument 1 has unexpected type 'str'
2026-01-31 22:51:13 - gui.control_center.modules.scc_secondary_control - ERROR - Error refreshing data: setForeground(self, brush: Union[QBrush, Union[QColor, Qt.GlobalColor, int], QGradient]): argument 1 has unexpected type 'str'
2026-01-31 22:51:40 - gui.control_center.modules.scc_secondary_control - ERROR - Error refreshing data: setForeground(self, brush: Union[QBrush, Union[QColor, Qt.GlobalColor, int], QGradient]): argument 1 has unexpected type 'str'
2026-01-31 22:55:29 - gui.control_center.modules.scc_secondary_control - ERROR - Error refreshing data: setForeground(self, brush: Union[QBrush, Union[QColor, Qt.GlobalColor, int], QGradient]): argument 1 has unexpected type 'str'
2026-01-31 23:01:10 - gui.control_center.modules.scc_secondary_control - ERROR - Error refreshing data: setForeground(self, brush: Union[QBrush, Union[QColor, Qt.GlobalColor, int], QGradient]): argument 1 has unexpected type 'str'
2026-02-01 00:07:45 - werkzeug - ERROR - 80.82.70.133 - - [01/Feb/2026 00:07:45] code 400, message Bad request version ("¯nãY»bhlÿ(=':©\x82ÙoÈ¢×\x93\x98´ï\x80å¹\x90\x00(À")
2026-02-01 00:08:02 - werkzeug - ERROR - 94.102.49.155 - - [01/Feb/2026 00:08:02] code 400, message Bad request version ('À\x13À')
2026-02-01 00:08:35 - werkzeug - ERROR - 94.102.49.155 - - [01/Feb/2026 00:08:35] code 400, message Bad request version ('À\x13À')
