2026-01-30 09:21:05 - kse.search.kse_search_pipeline - INFO - Advanced ranking enabled
2026-01-30 09:21:05 - kse.search.kse_search_pipeline - INFO - Search cache enabled
2026-01-30 09:21:05 - kse.search.kse_search_pipeline - INFO - Search pipeline initialized
2026-01-30 09:21:53 - kse.search.kse_search_pipeline - INFO - Search request: 'svt'
2026-01-30 09:21:53 - kse.search.kse_search_executor - INFO - Executing search for terms: ['svt']
2026-01-30 09:21:53 - kse.search.kse_search_executor - INFO - Search returned 10 results
2026-01-30 09:21:53 - kse.search.kse_search_pipeline - INFO - Search completed: 3 results in 0.068s
2026-01-30 09:22:14 - kse.search.kse_search_pipeline - INFO - Search request: 'poliser används som vårdtaxi'
2026-01-30 09:22:14 - kse.search.kse_search_executor - INFO - Executing search for terms: ['polisa', 'används', 'vårdtaxi']
2026-01-30 09:22:14 - kse.search.kse_search_executor - INFO - Search returned 4 results
2026-01-30 09:22:14 - kse.search.kse_search_pipeline - INFO - Search completed: 3 results in 0.044s
2026-01-30 09:24:44 - kse.search.kse_search_pipeline - INFO - Search request: 'svt'
2026-01-30 09:24:44 - kse.search.kse_search_pipeline - INFO - Cache hit for query: 'svt'
2026-01-30 09:24:53 - kse.search.kse_search_pipeline - INFO - Search request: 'riksdagen'
2026-01-30 09:24:53 - kse.search.kse_search_executor - INFO - Executing search for terms: ['riksdag']
2026-01-30 09:24:53 - kse.search.kse_search_executor - INFO - Search returned 1 results
2026-01-30 09:24:53 - kse.search.kse_search_pipeline - INFO - Search completed: 1 results in 0.020s
2026-01-30 09:25:16 - kse.search.kse_search_pipeline - INFO - Search request: 'vem är trump'
2026-01-30 09:25:16 - kse.search.kse_search_executor - INFO - Executing search for terms: ['vara', 'trump']
2026-01-30 09:25:16 - kse.search.kse_search_executor - INFO - Search returned 9 results
2026-01-30 09:25:16 - kse.search.kse_search_pipeline - INFO - Search completed: 3 results in 0.065s
2026-01-30 09:25:24 - kse.search.kse_search_pipeline - INFO - Search request: 'trump'
2026-01-30 09:25:24 - kse.search.kse_search_executor - INFO - Executing search for terms: ['trump']
2026-01-30 09:25:24 - kse.search.kse_search_executor - INFO - Search returned 3 results
2026-01-30 09:25:24 - kse.search.kse_search_pipeline - INFO - Search completed: 3 results in 0.025s
2026-01-30 10:58:46 - kse.search.kse_search_pipeline - INFO - Advanced ranking enabled
2026-01-30 10:58:46 - kse.search.kse_search_pipeline - INFO - Search cache enabled
2026-01-30 10:58:46 - kse.search.kse_search_pipeline - INFO - Search pipeline initialized
2026-01-31 00:37:42 - kse.search.kse_search_pipeline - INFO - Advanced ranking enabled
2026-01-31 00:37:42 - kse.search.kse_search_pipeline - INFO - Search cache enabled
2026-01-31 00:37:42 - kse.search.kse_search_pipeline - INFO - Search pipeline initialized
2026-01-31 00:38:36 - kse.search.kse_search_pipeline - INFO - Search request: 'svt'
2026-01-31 00:38:36 - kse.search.kse_search_executor - INFO - Executing search for terms: ['svt']
2026-01-31 00:38:36 - kse.search.kse_search_executor - INFO - Search returned 10 results
2026-01-31 00:38:36 - kse.search.kse_search_pipeline - INFO - Search completed: 3 results in 0.059s
2026-01-31 00:39:07 - kse.search.kse_search_pipeline - INFO - Search request: 'poliser används som taxi'
2026-01-31 00:39:07 - kse.search.kse_search_executor - INFO - Executing search for terms: ['polisa', 'används', 'taxi']
2026-01-31 00:39:07 - kse.search.kse_search_executor - INFO - Search returned 4 results
2026-01-31 00:39:07 - kse.search.kse_search_pipeline - INFO - Search completed: 3 results in 0.042s
2026-01-31 00:39:13 - kse.search.kse_search_pipeline - INFO - Search request: 'nyheter'
2026-01-31 00:39:13 - kse.search.kse_search_executor - INFO - Executing search for terms: ['nyheta']
2026-01-31 00:39:13 - kse.search.kse_search_executor - INFO - Search returned 10 results
2026-01-31 00:39:13 - kse.search.kse_search_pipeline - INFO - Search completed: 3 results in 0.067s
2026-01-31 00:39:23 - kse.search.kse_search_pipeline - INFO - Search request: 'nyhetsmorgon'
2026-01-31 00:39:23 - kse.search.kse_search_executor - INFO - Executing search for terms: ['nyhetsmorgo']
2026-01-31 00:39:23 - kse.search.kse_search_executor - INFO - Search returned 0 results
2026-01-31 00:39:23 - kse.search.kse_search_pipeline - INFO - Search completed: 0 results in 0.000s
2026-01-31 00:39:29 - kse.search.kse_search_pipeline - INFO - Search request: 'kristina'
2026-01-31 00:39:29 - kse.search.kse_search_executor - INFO - Executing search for terms: ['kristi']
2026-01-31 00:39:29 - kse.search.kse_search_executor - INFO - Search returned 2 results
2026-01-31 00:39:29 - kse.search.kse_search_pipeline - INFO - Search completed: 2 results in 0.021s
2026-01-31 00:39:48 - kse.search.kse_search_pipeline - INFO - Search request: 'ukraina'
2026-01-31 00:39:48 - kse.search.kse_search_executor - INFO - Executing search for terms: ['ukrai']
2026-01-31 00:39:48 - kse.search.kse_search_executor - INFO - Search returned 2 results
2026-01-31 00:39:48 - kse.search.kse_search_pipeline - INFO - Search completed: 2 results in 0.026s
2026-01-31 00:40:13 - kse.search.kse_search_pipeline - INFO - Search request: 'Filerna ur Epstein-utredningen släppta'
2026-01-31 00:40:13 - kse.search.kse_search_executor - INFO - Executing search for terms: ['file', 'epstei', 'utredning', 'släppt']
2026-01-31 00:40:13 - kse.search.kse_search_executor - INFO - Search returned 1 results
2026-01-31 00:40:13 - kse.search.kse_search_pipeline - INFO - Search completed: 1 results in 0.021s
2026-01-31 00:58:42 - kse.search.kse_search_pipeline - INFO - Advanced ranking enabled
2026-01-31 00:58:42 - kse.search.kse_search_pipeline - INFO - Search cache enabled
2026-01-31 00:58:42 - kse.search.kse_search_pipeline - INFO - Search pipeline initialized
2026-01-31 01:02:48 - kse.search.kse_search_pipeline - INFO - Search request: 'svt'
2026-01-31 01:02:48 - kse.search.kse_search_executor - INFO - Executing search for terms: ['svt']
2026-01-31 01:02:51 - kse.search.kse_search_executor - INFO - Search returned 15 results
2026-01-31 01:02:51 - kse.search.kse_search_pipeline - INFO - Search completed: 7 results in 3.106s
2026-01-31 01:03:13 - kse.search.kse_search_pipeline - INFO - Search request: 'epstein video'
2026-01-31 01:03:13 - kse.search.kse_search_executor - INFO - Executing search for terms: ['epstei', 'video']
2026-01-31 01:03:16 - kse.search.kse_search_executor - INFO - Search returned 19 results
2026-01-31 01:03:16 - kse.search.kse_search_pipeline - INFO - Search completed: 9 results in 3.260s
2026-01-31 01:03:32 - kse.search.kse_search_pipeline - INFO - Search request: 'liberalerna'
2026-01-31 01:03:32 - kse.search.kse_search_executor - INFO - Executing search for terms: ['liberale']
2026-01-31 01:03:35 - kse.search.kse_search_executor - INFO - Search returned 11 results
2026-01-31 01:03:35 - kse.search.kse_search_pipeline - INFO - Search completed: 9 results in 2.836s
2026-01-31 01:04:37 - kse.search.kse_search_pipeline - INFO - Search request: 'svt'
2026-01-31 01:04:37 - kse.search.kse_search_pipeline - INFO - Cache hit for query: 'svt'
2026-01-31 01:05:22 - kse.search.kse_search_pipeline - INFO - Search request: 'svt'
2026-01-31 01:05:22 - kse.search.kse_search_pipeline - INFO - Cache hit for query: 'svt'
2026-01-31 01:08:07 - kse.search.kse_search_pipeline - INFO - Search request: 'svt'
2026-01-31 01:08:07 - kse.search.kse_search_pipeline - INFO - Cache hit for query: 'svt'
2026-01-31 01:09:26 - kse.search.kse_search_pipeline - INFO - Search request: 'Fler tunga avhopp från Liberalerna | SVT Nyheter'
2026-01-31 01:09:26 - kse.search.kse_search_executor - INFO - Executing search for terms: ['tung', 'avhopp', 'liberale', 'svt', 'nyheta']
2026-01-31 01:09:30 - kse.search.kse_search_executor - INFO - Search returned 30 results
2026-01-31 01:09:30 - kse.search.kse_search_pipeline - INFO - Search completed: 10 results in 3.721s
2026-01-31 01:10:56 - kse.search.kse_search_pipeline - INFO - Search request: 'svt'
2026-01-31 01:10:56 - kse.search.kse_search_pipeline - INFO - Cache hit for query: 'svt'
2026-01-31 01:11:11 - kse.search.kse_search_pipeline - INFO - Search request: 'dagens nyheter'
2026-01-31 01:11:11 - kse.search.kse_search_executor - INFO - Executing search for terms: ['dagens', 'nyheta']
2026-01-31 01:11:16 - kse.search.kse_search_executor - INFO - Search returned 30 results
2026-01-31 01:11:16 - kse.search.kse_search_pipeline - INFO - Search completed: 10 results in 4.382s
2026-01-31 01:19:55 - kse.search.kse_search_pipeline - INFO - Search request: 'svt'
2026-01-31 01:19:55 - kse.search.kse_search_pipeline - INFO - Cache hit for query: 'svt'
2026-01-31 01:23:40 - kse.search.kse_search_pipeline - INFO - Search request: 'svt'
2026-01-31 01:23:40 - kse.search.kse_search_pipeline - INFO - Cache hit for query: 'svt'
2026-01-31 13:43:31 - kse.search.kse_search_pipeline - INFO - Search request: 'svt'
2026-01-31 13:43:31 - kse.search.kse_search_executor - INFO - Executing search for terms: ['svt']
2026-01-31 13:43:34 - kse.search.kse_search_executor - INFO - Search returned 15 results
2026-01-31 13:43:34 - kse.search.kse_search_pipeline - INFO - Search completed: 7 results in 3.162s
2026-01-31 19:25:14 - kse.search.kse_search_pipeline - INFO - Search request: 'svt'
2026-01-31 19:25:14 - kse.search.kse_search_executor - INFO - Executing search for terms: ['svt']
2026-01-31 19:25:17 - kse.search.kse_search_executor - INFO - Search returned 15 results
2026-01-31 19:25:17 - kse.search.kse_search_pipeline - INFO - Search completed: 7 results in 3.046s
2026-01-31 19:25:22 - kse.search.kse_search_pipeline - INFO - Search request: 'svt'
2026-01-31 19:25:22 - kse.search.kse_search_pipeline - INFO - Cache hit for query: 'svt'
2026-01-31 19:33:48 - kse.search.kse_search_pipeline - INFO - Search request: 'svt'
2026-01-31 19:33:48 - kse.search.kse_search_pipeline - INFO - Cache hit for query: 'svt'
2026-01-31 19:40:59 - kse.search.kse_search_pipeline - INFO - Advanced ranking enabled
2026-01-31 19:40:59 - kse.search.kse_search_pipeline - INFO - Search cache enabled
2026-01-31 19:40:59 - kse.search.kse_search_pipeline - INFO - Search pipeline initialized
2026-01-31 19:41:28 - kse.search.kse_search_pipeline - INFO - Search request: 'svt'
2026-01-31 19:41:28 - kse.search.kse_search_executor - INFO - Executing search for terms: ['svt']
2026-01-31 19:41:32 - kse.search.kse_search_executor - INFO - Search returned 15 results
2026-01-31 19:41:32 - kse.search.kse_search_pipeline - INFO - Search completed: 7 results in 4.007s
2026-01-31 19:42:47 - kse.search.kse_search_pipeline - INFO - Search request: 'sverige'
2026-01-31 19:42:47 - kse.search.kse_search_executor - INFO - Executing search for terms: ['sverig']
2026-01-31 19:42:54 - kse.search.kse_search_executor - INFO - Search returned 30 results
2026-01-31 19:42:54 - kse.search.kse_search_pipeline - INFO - Search completed: 10 results in 7.263s
2026-01-31 20:05:50 - kse.search.kse_search_pipeline - INFO - Advanced ranking enabled
2026-01-31 20:05:50 - kse.search.kse_search_pipeline - INFO - Search cache enabled
2026-01-31 20:05:50 - kse.search.kse_search_pipeline - INFO - Search pipeline initialized
2026-01-31 20:13:59 - kse.search.kse_search_pipeline - INFO - Advanced ranking enabled
2026-01-31 20:13:59 - kse.search.kse_search_pipeline - INFO - Search cache enabled
2026-01-31 20:13:59 - kse.search.kse_search_pipeline - INFO - Search pipeline initialized
2026-01-31 20:21:58 - kse.search.kse_search_pipeline - INFO - Advanced ranking enabled
2026-01-31 20:21:58 - kse.search.kse_search_pipeline - INFO - Search cache enabled
2026-01-31 20:21:58 - kse.search.kse_search_pipeline - INFO - Search pipeline initialized
2026-01-31 20:33:21 - kse.search.kse_search_pipeline - INFO - Advanced ranking enabled
2026-01-31 20:33:21 - kse.search.kse_search_pipeline - INFO - Search cache enabled
2026-01-31 20:33:21 - kse.search.kse_search_pipeline - INFO - Search pipeline initialized
2026-01-31 20:51:58 - kse.search.kse_search_pipeline - INFO - Advanced ranking enabled
2026-01-31 20:51:58 - kse.search.kse_search_pipeline - INFO - Search cache enabled
2026-01-31 20:51:58 - kse.search.kse_search_pipeline - INFO - Search pipeline initialized
2026-01-31 21:13:15 - kse.search.kse_search_pipeline - INFO - Advanced ranking enabled
2026-01-31 21:13:15 - kse.search.kse_search_pipeline - INFO - Search cache enabled
2026-01-31 21:13:15 - kse.search.kse_search_pipeline - INFO - Search pipeline initialized
2026-01-31 21:13:30 - kse.search.kse_search_pipeline - INFO - Search request: 'svt'
2026-01-31 21:13:30 - kse.search.kse_search_executor - INFO - Executing search for terms: ['svt']
2026-01-31 21:13:31 - kse.search.kse_search_executor - INFO - Search returned 9 results
2026-01-31 21:13:31 - kse.search.kse_search_pipeline - INFO - Search completed: 9 results in 0.667s
2026-01-31 21:15:22 - kse.search.kse_search_pipeline - INFO - Search request: 'wikipedia'
2026-01-31 21:15:22 - kse.search.kse_search_executor - INFO - Executing search for terms: ['wikipedi']
2026-01-31 21:15:23 - kse.search.kse_search_executor - INFO - Search returned 5 results
2026-01-31 21:15:23 - kse.search.kse_search_pipeline - INFO - Search completed: 5 results in 0.315s
2026-01-31 21:22:42 - kse.search.kse_search_pipeline - INFO - Advanced ranking enabled
2026-01-31 21:22:42 - kse.search.kse_search_pipeline - INFO - Search cache enabled
2026-01-31 21:22:42 - kse.search.kse_search_pipeline - INFO - Search pipeline initialized
2026-01-31 21:22:59 - kse.search.kse_search_pipeline - INFO - Search request: 'svt'
2026-01-31 21:22:59 - kse.search.kse_search_executor - INFO - Executing search for terms: ['svt']
2026-01-31 21:22:59 - kse.search.kse_search_executor - INFO - Search returned 0 results
2026-01-31 21:22:59 - kse.search.kse_search_pipeline - INFO - Search completed: 0 results in 0.001s
2026-01-31 21:23:04 - kse.search.kse_search_pipeline - INFO - Search request: 'wikipedia'
2026-01-31 21:23:04 - kse.search.kse_search_executor - INFO - Executing search for terms: ['wikipedi']
2026-01-31 21:23:05 - kse.search.kse_search_executor - INFO - Search returned 5 results
2026-01-31 21:23:05 - kse.search.kse_search_pipeline - INFO - Search completed: 3 results in 0.810s
2026-01-31 21:26:53 - kse.search.kse_search_pipeline - INFO - Advanced ranking enabled
2026-01-31 21:26:53 - kse.search.kse_search_pipeline - INFO - Search cache enabled
2026-01-31 21:26:53 - kse.search.kse_search_pipeline - INFO - Search pipeline initialized
2026-01-31 21:27:32 - kse.search.kse_search_pipeline - INFO - Search request: 'wikipedia'
2026-01-31 21:27:32 - kse.search.kse_search_executor - INFO - Executing search for terms: ['wikipedi']
2026-01-31 21:27:32 - kse.search.kse_search_executor - INFO - Search returned 2 results
2026-01-31 21:27:32 - kse.search.kse_search_pipeline - INFO - Search completed: 2 results in 0.032s
2026-01-31 21:27:46 - kse.search.kse_search_pipeline - INFO - Search request: 'wikipedia'
2026-01-31 21:27:46 - kse.search.kse_search_pipeline - INFO - Cache hit for query: 'wikipedia'
2026-01-31 22:29:44 - kse.search.kse_search_pipeline - INFO - Advanced ranking enabled
2026-01-31 22:29:44 - kse.search.kse_search_pipeline - INFO - Search cache enabled
2026-01-31 22:29:44 - kse.search.kse_search_pipeline - INFO - Search pipeline initialized
2026-01-31 22:32:22 - kse.search.kse_search_pipeline - INFO - Advanced ranking enabled
2026-01-31 22:32:22 - kse.search.kse_search_pipeline - INFO - Search cache enabled
2026-01-31 22:32:22 - kse.search.kse_search_pipeline - INFO - Search pipeline initialized
2026-01-31 22:58:25 - kse.search.kse_search_pipeline - INFO - Advanced ranking enabled
2026-01-31 22:58:25 - kse.search.kse_search_pipeline - INFO - Search cache enabled
2026-01-31 22:58:25 - kse.search.kse_search_pipeline - INFO - Search pipeline initialized
2026-01-31 22:59:13 - kse.search.kse_search_pipeline - INFO - Advanced ranking enabled
2026-01-31 22:59:13 - kse.search.kse_search_pipeline - INFO - Search cache enabled
2026-01-31 22:59:13 - kse.search.kse_search_pipeline - INFO - Search pipeline initialized
2026-01-31 22:59:34 - kse.search.kse_search_pipeline - INFO - Advanced ranking enabled
2026-01-31 22:59:34 - kse.search.kse_search_pipeline - INFO - Search cache enabled
2026-01-31 22:59:34 - kse.search.kse_search_pipeline - INFO - Search pipeline initialized
2026-01-31 22:59:49 - kse.search.kse_search_pipeline - INFO - Search request: 'svt'
2026-01-31 22:59:49 - kse.search.kse_search_executor - INFO - Executing search for terms: ['svt']
2026-01-31 22:59:49 - kse.search.kse_search_executor - INFO - Search returned 2 results
2026-01-31 22:59:49 - kse.search.kse_search_pipeline - INFO - Search completed: 2 results in 0.039s
2026-01-31 22:59:53 - kse.search.kse_search_pipeline - INFO - Search request: 'wikipedia'
2026-01-31 22:59:53 - kse.search.kse_search_executor - INFO - Executing search for terms: ['wikipedi']
2026-01-31 22:59:53 - kse.search.kse_search_executor - INFO - Search returned 2 results
2026-01-31 22:59:53 - kse.search.kse_search_pipeline - INFO - Search completed: 2 results in 0.053s
2026-01-31 23:00:20 - kse.search.kse_search_pipeline - INFO - Advanced ranking enabled
2026-01-31 23:00:20 - kse.search.kse_search_pipeline - INFO - Search cache enabled
2026-01-31 23:00:20 - kse.search.kse_search_pipeline - INFO - Search pipeline initialized
2026-01-31 23:00:26 - kse.search.kse_search_pipeline - INFO - Search request: 'svt'
2026-01-31 23:00:26 - kse.search.kse_search_executor - INFO - Executing search for terms: ['svt']
2026-01-31 23:00:26 - kse.search.kse_search_executor - INFO - Search returned 2 results
2026-01-31 23:00:26 - kse.search.kse_search_pipeline - INFO - Search completed: 2 results in 0.043s
2026-01-31 23:01:43 - kse.search.kse_search_pipeline - INFO - Advanced ranking enabled
2026-01-31 23:01:43 - kse.search.kse_search_pipeline - INFO - Search cache enabled
2026-01-31 23:01:43 - kse.search.kse_search_pipeline - INFO - Search pipeline initialized
2026-01-31 23:03:46 - kse.search.kse_search_pipeline - INFO - Advanced ranking enabled
2026-01-31 23:03:46 - kse.search.kse_search_pipeline - INFO - Search cache enabled
2026-01-31 23:03:46 - kse.search.kse_search_pipeline - INFO - Search pipeline initialized
2026-01-31 23:04:23 - kse.search.kse_search_pipeline - INFO - Advanced ranking enabled
2026-01-31 23:04:23 - kse.search.kse_search_pipeline - INFO - Search cache enabled
2026-01-31 23:04:23 - kse.search.kse_search_pipeline - INFO - Search pipeline initialized
2026-01-31 23:04:46 - kse.search.kse_search_pipeline - INFO - Search request: 'svt'
2026-01-31 23:04:46 - kse.search.kse_search_executor - INFO - Executing search for terms: ['svt']
2026-01-31 23:04:46 - kse.search.kse_search_executor - INFO - Search returned 10 results
2026-01-31 23:04:46 - kse.search.kse_search_pipeline - INFO - Search completed: 3 results in 0.057s
2026-01-31 23:04:52 - kse.search.kse_search_pipeline - INFO - Search request: 'senaste nytt'
2026-01-31 23:04:52 - kse.search.kse_search_executor - INFO - Executing search for terms: ['senas', 'nyt']
2026-01-31 23:04:52 - kse.search.kse_search_executor - INFO - Search returned 6 results
2026-01-31 23:04:52 - kse.search.kse_search_pipeline - INFO - Search completed: 3 results in 0.048s
2026-01-31 23:05:01 - kse.search.kse_search_pipeline - INFO - Search request: 'väder'
2026-01-31 23:05:01 - kse.search.kse_search_executor - INFO - Executing search for terms: ['väda']
2026-01-31 23:05:01 - kse.search.kse_search_executor - INFO - Search returned 2 results
2026-01-31 23:05:01 - kse.search.kse_search_pipeline - INFO - Search completed: 2 results in 0.046s
2026-01-31 23:05:06 - kse.search.kse_search_pipeline - INFO - Search request: 'senaste nytt'
2026-01-31 23:05:06 - kse.search.kse_search_pipeline - INFO - Cache hit for query: 'senaste nytt'
2026-01-31 23:05:16 - kse.search.kse_search_pipeline - INFO - Search request: 'senaste nytt idag'
2026-01-31 23:05:16 - kse.search.kse_search_executor - INFO - Executing search for terms: ['senas', 'nyt']
2026-01-31 23:05:16 - kse.search.kse_search_executor - INFO - Search returned 6 results
2026-01-31 23:05:16 - kse.search.kse_search_pipeline - INFO - Search completed: 3 results in 0.047s
2026-01-31 23:14:06 - kse.search.kse_search_pipeline - INFO - Advanced ranking enabled
2026-01-31 23:14:06 - kse.search.kse_search_pipeline - INFO - Search cache enabled
2026-01-31 23:14:06 - kse.search.kse_search_pipeline - INFO - Search pipeline initialized
2026-01-31 23:14:16 - kse.search.kse_search_pipeline - INFO - Search request: 'klar'
2026-01-31 23:14:16 - kse.search.kse_search_executor - INFO - Executing search for terms: ['kla']
2026-01-31 23:14:16 - kse.search.kse_search_executor - INFO - Search returned 0 results
2026-01-31 23:14:16 - kse.search.kse_search_pipeline - INFO - Search completed: 0 results in 0.001s
2026-01-31 23:14:19 - kse.search.kse_search_pipeline - INFO - Search request: 'svt'
2026-01-31 23:14:19 - kse.search.kse_search_executor - INFO - Executing search for terms: ['svt']
2026-01-31 23:14:19 - kse.search.kse_search_executor - INFO - Search returned 10 results
2026-01-31 23:14:19 - kse.search.kse_search_pipeline - INFO - Search completed: 3 results in 0.052s
2026-01-31 23:14:37 - kse.search.kse_search_pipeline - INFO - Search request: 'dagens nyheter'
2026-01-31 23:14:37 - kse.search.kse_search_executor - INFO - Executing search for terms: ['dagens', 'nyheta']
2026-01-31 23:14:37 - kse.search.kse_search_executor - INFO - Search returned 10 results
2026-01-31 23:14:37 - kse.search.kse_search_pipeline - INFO - Search completed: 3 results in 0.056s
2026-01-31 23:14:49 - kse.search.kse_search_pipeline - INFO - Search request: 'mello'
2026-01-31 23:14:49 - kse.search.kse_search_executor - INFO - Executing search for terms: ['mello']
2026-01-31 23:14:49 - kse.search.kse_search_executor - INFO - Search returned 3 results
2026-01-31 23:14:49 - kse.search.kse_search_pipeline - INFO - Search completed: 3 results in 0.033s
2026-01-31 23:14:52 - kse.search.kse_search_pipeline - INFO - Search request: 'm'
2026-01-31 23:14:52 - kse.search.kse_search_pipeline - WARNING - Invalid query: 'm'
2026-01-31 23:14:54 - kse.search.kse_search_pipeline - INFO - Search request: 'me'
2026-01-31 23:14:54 - kse.search.kse_search_executor - INFO - Executing search for terms: ['me']
2026-01-31 23:14:54 - kse.search.kse_search_executor - INFO - Search returned 1 results
2026-01-31 23:14:54 - kse.search.kse_search_pipeline - INFO - Search completed: 1 results in 0.010s
2026-01-31 23:15:05 - kse.search.kse_search_pipeline - INFO - Search request: 'A-Teens vidare till finalen'
2026-01-31 23:15:05 - kse.search.kse_search_executor - INFO - Executing search for terms: ['final', 'teens']
2026-01-31 23:15:05 - kse.search.kse_search_executor - INFO - Search returned 4 results
2026-01-31 23:15:05 - kse.search.kse_search_pipeline - INFO - Search completed: 3 results in 0.039s
2026-01-31 23:15:10 - kse.search.kse_search_pipeline - INFO - Search request: 'final idag'
2026-01-31 23:15:10 - kse.search.kse_search_executor - INFO - Executing search for terms: ['final']
2026-01-31 23:15:10 - kse.search.kse_search_executor - INFO - Search returned 4 results
2026-01-31 23:15:10 - kse.search.kse_search_pipeline - INFO - Search completed: 3 results in 0.045s
2026-01-31 23:15:17 - kse.search.kse_search_pipeline - INFO - Search request: 'gått vidare'
2026-01-31 23:15:17 - kse.search.kse_search_pipeline - WARNING - Invalid query: 'gått vidare'
2026-01-31 23:15:22 - kse.search.kse_search_pipeline - INFO - Search request: 'A-Teens har gått vidare'
2026-01-31 23:15:22 - kse.search.kse_search_executor - INFO - Executing search for terms: ['teens']
2026-01-31 23:15:22 - kse.search.kse_search_executor - INFO - Search returned 4 results
2026-01-31 23:15:22 - kse.search.kse_search_pipeline - INFO - Search completed: 3 results in 0.040s
2026-01-31 23:15:34 - kse.search.kse_search_pipeline - INFO - Search request: 'gick vidare'
2026-01-31 23:15:34 - kse.search.kse_search_pipeline - WARNING - Invalid query: 'gick vidare'
2026-01-31 23:18:45 - kse.search.kse_search_pipeline - INFO - Advanced ranking enabled
2026-01-31 23:18:45 - kse.search.kse_search_pipeline - INFO - Search cache enabled
2026-01-31 23:18:45 - kse.search.kse_search_pipeline - INFO - Search pipeline initialized
2026-01-31 23:18:57 - kse.search.kse_search_pipeline - INFO - Search request: 'svt'
2026-01-31 23:18:57 - kse.search.kse_search_executor - INFO - Executing search for terms: ['svt']
2026-01-31 23:18:57 - kse.search.kse_search_executor - INFO - Search returned 10 results
2026-01-31 23:18:57 - kse.search.kse_search_pipeline - INFO - Search completed: 3 results in 0.054s
2026-01-31 23:34:38 - kse.search.kse_search_pipeline - INFO - Search request: 'svt'
2026-01-31 23:34:38 - kse.search.kse_search_pipeline - INFO - Cache hit for query: 'svt'
2026-01-31 23:36:39 - kse.search.kse_search_pipeline - INFO - Search request: 'svt'
2026-01-31 23:36:39 - kse.search.kse_search_pipeline - INFO - Cache hit for query: 'svt'
2026-01-31 23:40:28 - kse.search.kse_search_pipeline - INFO - Search request: 'svt'
2026-01-31 23:40:28 - kse.search.kse_search_pipeline - INFO - Cache hit for query: 'svt'
2026-01-31 23:46:21 - kse.search.kse_search_pipeline - INFO - Advanced ranking enabled
2026-01-31 23:46:21 - kse.search.kse_search_pipeline - INFO - Search cache enabled
2026-01-31 23:46:21 - kse.search.kse_search_pipeline - INFO - Search pipeline initialized
2026-01-31 23:46:28 - kse.search.kse_search_pipeline - INFO - Search request: 'svt'
2026-01-31 23:46:28 - kse.search.kse_search_pipeline - INFO - Search terms: ['svt']
2026-01-31 23:46:28 - kse.search.kse_search_executor - INFO - Executing search for terms: ['svt']
2026-01-31 23:46:28 - kse.search.kse_search_executor - INFO - Search returned 10 results
2026-01-31 23:46:28 - kse.search.kse_search_pipeline - INFO - Search completed: 3 results in 0.053s
2026-01-31 23:46:56 - kse.search.kse_search_pipeline - INFO - Search request: 'svt'
2026-01-31 23:46:56 - kse.search.kse_search_pipeline - INFO - Cache hit for query: 'svt'
2026-01-31 23:47:00 - kse.search.kse_search_pipeline - INFO - Search request: 'vem är'
2026-01-31 23:47:00 - kse.search.kse_search_pipeline - INFO - Search terms: ['vara']
2026-01-31 23:47:00 - kse.search.kse_search_executor - INFO - Executing search for terms: ['vara']
2026-01-31 23:47:00 - kse.search.kse_search_executor - INFO - Search returned 10 results
2026-01-31 23:47:00 - kse.search.kse_search_pipeline - INFO - Search completed: 3 results in 0.051s
2026-01-31 23:47:09 - kse.search.kse_search_pipeline - INFO - Search request: 'brand i skäggetorp idag'
2026-01-31 23:47:09 - kse.search.kse_search_pipeline - INFO - Search terms: ['idag', 'skäggetorp', 'brand']
2026-01-31 23:47:09 - kse.search.kse_search_executor - INFO - Executing search for terms: ['idag', 'skäggetorp', 'brand']
2026-01-31 23:47:09 - kse.search.kse_search_executor - INFO - Search returned 3 results
2026-01-31 23:47:09 - kse.search.kse_search_pipeline - INFO - Search completed: 3 results in 0.033s
2026-01-31 23:48:54 - kse.search.kse_search_pipeline - INFO - Search request: 'svt'
2026-01-31 23:48:54 - kse.search.kse_search_pipeline - INFO - Cache hit for query: 'svt'
2026-01-31 23:49:04 - kse.search.kse_search_pipeline - INFO - Search request: 'svt'
2026-01-31 23:49:04 - kse.search.kse_search_pipeline - INFO - Cache hit for query: 'svt'
2026-01-31 23:49:15 - kse.search.kse_search_pipeline - INFO - Search request: 'svt'
2026-01-31 23:49:15 - kse.search.kse_search_pipeline - INFO - Cache hit for query: 'svt'
2026-01-31 23:52:39 - kse.search.kse_search_pipeline - INFO - Search request: 'svt'
2026-01-31 23:52:39 - kse.search.kse_search_pipeline - INFO - Cache hit for query: 'svt'
2026-01-31 23:54:33 - kse.search.kse_search_pipeline - INFO - Search request: 'svt'
2026-01-31 23:54:33 - kse.search.kse_search_pipeline - INFO - Cache hit for query: 'svt'
2026-01-31 23:56:17 - kse.search.kse_search_pipeline - INFO - Search request: 'svt'
2026-01-31 23:56:17 - kse.search.kse_search_pipeline - INFO - Cache hit for query: 'svt'
2026-01-31 23:57:25 - kse.search.kse_search_pipeline - INFO - Search request: 'svt'
2026-01-31 23:57:25 - kse.search.kse_search_pipeline - INFO - Cache hit for query: 'svt'
2026-01-31 23:59:14 - kse.search.kse_search_pipeline - INFO - Search request: 'svt'
2026-01-31 23:59:14 - kse.search.kse_search_pipeline - INFO - Cache hit for query: 'svt'
2026-01-31 23:59:23 - kse.search.kse_search_pipeline - INFO - Search request: 'svt'
2026-01-31 23:59:23 - kse.search.kse_search_pipeline - INFO - Cache hit for query: 'svt'
2026-01-31 23:59:40 - kse.search.kse_search_pipeline - INFO - Search request: 'svt'
2026-01-31 23:59:40 - kse.search.kse_search_pipeline - INFO - Cache hit for query: 'svt'
2026-02-01 00:02:12 - kse.search.kse_search_pipeline - INFO - Search request: 'svt'
2026-02-01 00:02:12 - kse.search.kse_search_pipeline - INFO - Cache hit for query: 'svt'
2026-02-01 00:02:14 - kse.search.kse_search_pipeline - INFO - Search request: 'svt'
2026-02-01 00:02:14 - kse.search.kse_search_pipeline - INFO - Cache hit for query: 'svt'
2026-02-01 00:02:14 - kse.search.kse_search_pipeline - INFO - Search request: 'svt'
2026-02-01 00:02:14 - kse.search.kse_search_pipeline - INFO - Cache hit for query: 'svt'
2026-02-01 00:02:15 - kse.search.kse_search_pipeline - INFO - Search request: 'svt'
2026-02-01 00:02:15 - kse.search.kse_search_pipeline - INFO - Cache hit for query: 'svt'
2026-02-01 00:02:15 - kse.search.kse_search_pipeline - INFO - Search request: 'svt'
2026-02-01 00:02:15 - kse.search.kse_search_pipeline - INFO - Cache hit for query: 'svt'
2026-02-01 00:02:15 - kse.search.kse_search_pipeline - INFO - Search request: 'svt'
2026-02-01 00:02:15 - kse.search.kse_search_pipeline - INFO - Cache hit for query: 'svt'
2026-02-01 00:02:16 - kse.search.kse_search_pipeline - INFO - Search request: 'svt'
2026-02-01 00:02:16 - kse.search.kse_search_pipeline - INFO - Cache hit for query: 'svt'
2026-02-01 00:02:16 - kse.search.kse_search_pipeline - INFO - Search request: 'svt'
2026-02-01 00:02:16 - kse.search.kse_search_pipeline - INFO - Cache hit for query: 'svt'
2026-02-01 00:02:16 - kse.search.kse_search_pipeline - INFO - Search request: 'svt'
2026-02-01 00:02:16 - kse.search.kse_search_pipeline - INFO - Cache hit for query: 'svt'
2026-02-01 00:02:16 - kse.search.kse_search_pipeline - INFO - Search request: 'svt'
2026-02-01 00:02:16 - kse.search.kse_search_pipeline - INFO - Cache hit for query: 'svt'
2026-02-01 00:02:16 - kse.search.kse_search_pipeline - INFO - Search request: 'svt'
2026-02-01 00:02:16 - kse.search.kse_search_pipeline - INFO - Cache hit for query: 'svt'
2026-02-01 00:02:16 - kse.search.kse_search_pipeline - INFO - Search request: 'svt'
2026-02-01 00:02:16 - kse.search.kse_search_pipeline - INFO - Cache hit for query: 'svt'
2026-02-01 00:02:16 - kse.search.kse_search_pipeline - INFO - Search request: 'svt'
2026-02-01 00:02:16 - kse.search.kse_search_pipeline - INFO - Cache hit for query: 'svt'
2026-02-01 00:02:17 - kse.search.kse_search_pipeline - INFO - Search request: 'svt'
2026-02-01 00:02:17 - kse.search.kse_search_pipeline - INFO - Cache hit for query: 'svt'
2026-02-01 00:02:21 - kse.search.kse_search_pipeline - INFO - Search request: 'dagens nyheter'
2026-02-01 00:02:21 - kse.search.kse_search_pipeline - INFO - Search terms: ['nyheta', 'dagens', 'senaste', 'aktuellt', 'nyhet', 'nyheter', 'news']
2026-02-01 00:02:21 - kse.search.kse_search_executor - INFO - Executing search for terms: ['nyheta', 'dagens', 'senaste', 'aktuellt', 'nyhet', 'nyheter', 'news']
2026-02-01 00:02:21 - kse.search.kse_search_executor - INFO - Search returned 10 results
2026-02-01 00:02:21 - kse.search.kse_search_pipeline - INFO - Search completed: 3 results in 0.052s
2026-02-01 00:02:46 - kse.search.kse_search_pipeline - INFO - Search request: 'svt'
2026-02-01 00:02:46 - kse.search.kse_search_pipeline - INFO - Cache hit for query: 'svt'
2026-02-01 00:02:52 - kse.search.kse_search_pipeline - INFO - Search request: 'svt'
2026-02-01 00:02:52 - kse.search.kse_search_pipeline - INFO - Cache hit for query: 'svt'
2026-02-01 00:04:11 - kse.search.kse_search_pipeline - INFO - Search request: 'svt'
2026-02-01 00:04:11 - kse.search.kse_search_pipeline - INFO - Cache hit for query: 'svt'
2026-02-01 00:05:18 - kse.search.kse_search_pipeline - INFO - Search request: 'svt'
2026-02-01 00:05:18 - kse.search.kse_search_pipeline - INFO - Cache hit for query: 'svt'
2026-02-01 00:05:29 - kse.search.kse_search_pipeline - INFO - Search request: 'svt'
2026-02-01 00:05:29 - kse.search.kse_search_pipeline - INFO - Cache hit for query: 'svt'
2026-02-01 00:05:32 - kse.search.kse_search_pipeline - INFO - Search request: 'svt'
2026-02-01 00:05:32 - kse.search.kse_search_pipeline - INFO - Cache hit for query: 'svt'
2026-02-01 00:05:38 - kse.search.kse_search_pipeline - INFO - Search request: 'svt'
2026-02-01 00:05:38 - kse.search.kse_search_pipeline - INFO - Cache hit for query: 'svt'
2026-02-01 00:09:39 - kse.search.kse_search_pipeline - INFO - Search request: 'svt'
2026-02-01 00:09:39 - kse.search.kse_search_pipeline - INFO - Cache hit for query: 'svt'
2026-02-01 00:12:04 - kse.search.kse_search_pipeline - INFO - Search request: 'svt'
2026-02-01 00:12:04 - kse.search.kse_search_pipeline - INFO - Cache hit for query: 'svt'
2026-02-01 14:27:12 - kse.search.kse_search_pipeline - INFO - Advanced ranking enabled
2026-02-01 14:27:12 - kse.search.kse_search_pipeline - INFO - Search cache enabled
2026-02-01 14:27:12 - kse.search.kse_search_pipeline - INFO - Search pipeline initialized
2026-02-01 15:35:27 - kse.search.kse_search_pipeline - INFO - Advanced ranking enabled
2026-02-01 15:35:27 - kse.search.kse_search_pipeline - INFO - Search cache enabled
2026-02-01 15:35:27 - kse.search.kse_search_pipeline - INFO - Search pipeline initialized
2026-02-01 15:39:55 - kse.search.kse_search_pipeline - INFO - Advanced ranking enabled
2026-02-01 15:39:55 - kse.search.kse_search_pipeline - INFO - Search cache enabled
2026-02-01 15:39:55 - kse.search.kse_search_pipeline - INFO - Search pipeline initialized
2026-02-01 16:05:53 - kse.search.kse_search_pipeline - INFO - Advanced ranking enabled
2026-02-01 16:05:53 - kse.search.kse_search_pipeline - INFO - Search cache enabled
2026-02-01 16:05:53 - kse.search.kse_search_pipeline - INFO - Search pipeline initialized
2026-02-01 16:06:18 - kse.search.kse_search_pipeline - INFO - Advanced ranking enabled
2026-02-01 16:06:18 - kse.search.kse_search_pipeline - INFO - Search cache enabled
2026-02-01 16:06:18 - kse.search.kse_search_pipeline - INFO - Search pipeline initialized
2026-02-01 16:09:20 - kse.search.kse_search_pipeline - INFO - Advanced ranking enabled
2026-02-01 16:09:20 - kse.search.kse_search_pipeline - INFO - Search cache enabled
2026-02-01 16:09:20 - kse.search.kse_search_pipeline - INFO - Search pipeline initialized
2026-02-01 16:10:06 - kse.search.kse_search_pipeline - INFO - Advanced ranking enabled
2026-02-01 16:10:06 - kse.search.kse_search_pipeline - INFO - Search cache enabled
2026-02-01 16:10:06 - kse.search.kse_search_pipeline - INFO - Search pipeline initialized
2026-02-01 16:14:19 - kse.search.kse_search_pipeline - INFO - Advanced ranking enabled
2026-02-01 16:14:19 - kse.search.kse_search_pipeline - INFO - Search cache enabled
2026-02-01 16:14:19 - kse.search.kse_search_pipeline - INFO - Search pipeline initialized
2026-02-01 16:18:45 - kse.search.kse_search_pipeline - INFO - Advanced ranking enabled
2026-02-01 16:18:45 - kse.search.kse_search_pipeline - INFO - Search cache enabled
2026-02-01 16:18:45 - kse.search.kse_search_pipeline - INFO - Search pipeline initialized
2026-02-01 16:20:05 - kse.search.kse_search_pipeline - INFO - Advanced ranking enabled
2026-02-01 16:20:05 - kse.search.kse_search_pipeline - INFO - Search cache enabled
2026-02-01 16:20:05 - kse.search.kse_search_pipeline - INFO - Search pipeline initialized
2026-02-01 16:20:20 - kse.search.kse_search_pipeline - INFO - Advanced ranking enabled
2026-02-01 16:20:20 - kse.search.kse_search_pipeline - INFO - Search cache enabled
2026-02-01 16:20:20 - kse.search.kse_search_pipeline - INFO - Search pipeline initialized
2026-02-01 16:21:57 - kse.search.kse_search_pipeline - INFO - Advanced ranking enabled
2026-02-01 16:21:57 - kse.search.kse_search_pipeline - INFO - Search cache enabled
2026-02-01 16:21:57 - kse.search.kse_search_pipeline - INFO - Search pipeline initialized
2026-02-01 16:23:55 - kse.search.kse_search_pipeline - INFO - Advanced ranking enabled
2026-02-01 16:23:55 - kse.search.kse_search_pipeline - INFO - Search cache enabled
2026-02-01 16:23:55 - kse.search.kse_search_pipeline - INFO - Search pipeline initialized
2026-02-01 16:26:09 - kse.search.kse_search_pipeline - INFO - Advanced ranking enabled
2026-02-01 16:26:09 - kse.search.kse_search_pipeline - INFO - Search cache enabled
2026-02-01 16:26:09 - kse.search.kse_search_pipeline - INFO - Search pipeline initialized
2026-02-01 16:38:17 - kse.search.kse_search_pipeline - INFO - Advanced ranking enabled
2026-02-01 16:38:17 - kse.search.kse_search_pipeline - INFO - Search cache enabled
2026-02-01 16:38:17 - kse.search.kse_search_pipeline - INFO - Search pipeline initialized
2026-02-01 16:38:38 - kse.search.kse_search_pipeline - INFO - Search request: 'svt'
2026-02-01 16:38:38 - kse.search.kse_search_pipeline - INFO - Search terms: ['svt']
2026-02-01 16:38:38 - kse.search.kse_search_executor - INFO - Executing search for terms: ['svt']
2026-02-01 16:38:38 - kse.search.kse_search_executor - INFO - Search returned 0 results
2026-02-01 16:38:38 - kse.search.kse_search_pipeline - INFO - Search completed: 0 results in 0.001s
2026-02-01 16:38:55 - kse.search.kse_search_pipeline - INFO - Search request: 'wikipedia'
2026-02-01 16:38:55 - kse.search.kse_search_pipeline - INFO - Search terms: ['wikipedi', 'wikipedia']
2026-02-01 16:38:55 - kse.search.kse_search_executor - INFO - Executing search for terms: ['wikipedi', 'wikipedia']
2026-02-01 16:38:55 - kse.search.kse_search_executor - INFO - Search returned 0 results
2026-02-01 16:38:55 - kse.search.kse_search_pipeline - INFO - Search completed: 0 results in 0.001s
2026-02-01 16:38:58 - kse.search.kse_search_pipeline - INFO - Search request: 'nyheter'
2026-02-01 16:38:58 - kse.search.kse_search_pipeline - INFO - Search terms: ['nyheter', 'senaste', 'nyheta', 'nyhet', 'news', 'aktuellt']
2026-02-01 16:38:58 - kse.search.kse_search_executor - INFO - Executing search for terms: ['nyheter', 'senaste', 'nyheta', 'nyhet', 'news', 'aktuellt']
2026-02-01 16:38:58 - kse.search.kse_search_executor - INFO - Search returned 0 results
2026-02-01 16:38:58 - kse.search.kse_search_pipeline - INFO - Search completed: 0 results in 0.001s
2026-02-01 16:39:31 - kse.search.kse_search_pipeline - INFO - Advanced ranking enabled
2026-02-01 16:39:31 - kse.search.kse_search_pipeline - INFO - Search cache enabled
2026-02-01 16:39:31 - kse.search.kse_search_pipeline - INFO - Search pipeline initialized
2026-02-01 16:39:46 - kse.search.kse_search_pipeline - INFO - Advanced ranking enabled
2026-02-01 16:39:46 - kse.search.kse_search_pipeline - INFO - Search cache enabled
2026-02-01 16:39:46 - kse.search.kse_search_pipeline - INFO - Search pipeline initialized
2026-02-01 16:40:38 - kse.search.kse_search_pipeline - INFO - Advanced ranking enabled
2026-02-01 16:40:38 - kse.search.kse_search_pipeline - INFO - Search cache enabled
2026-02-01 16:40:38 - kse.search.kse_search_pipeline - INFO - Search pipeline initialized
2026-02-01 16:41:06 - kse.search.kse_search_pipeline - INFO - Advanced ranking enabled
2026-02-01 16:41:06 - kse.search.kse_search_pipeline - INFO - Search cache enabled
2026-02-01 16:41:06 - kse.search.kse_search_pipeline - INFO - Search pipeline initialized
2026-02-01 16:43:45 - kse.search.kse_search_pipeline - INFO - Advanced ranking enabled
2026-02-01 16:43:45 - kse.search.kse_search_pipeline - INFO - Search cache enabled
2026-02-01 16:43:45 - kse.search.kse_search_pipeline - INFO - Search pipeline initialized
2026-02-01 16:45:45 - kse.search.kse_search_pipeline - INFO - Advanced ranking enabled
2026-02-01 16:45:45 - kse.search.kse_search_pipeline - INFO - Search cache enabled
2026-02-01 16:45:45 - kse.search.kse_search_pipeline - INFO - Search pipeline initialized
2026-02-01 16:46:04 - kse.search.kse_search_pipeline - INFO - Search request: 'svt'
2026-02-01 16:46:04 - kse.search.kse_search_pipeline - INFO - Search terms: ['svt']
2026-02-01 16:46:04 - kse.search.kse_search_executor - INFO - Executing search for terms: ['svt']
2026-02-01 16:46:04 - kse.search.kse_search_executor - INFO - Search returned 2 results
2026-02-01 16:46:04 - kse.search.kse_search_pipeline - INFO - Search completed: 2 results in 0.046s
2026-02-01 16:48:07 - kse.search.kse_search_pipeline - INFO - Search request: 'svt'
2026-02-01 16:48:07 - kse.search.kse_search_pipeline - INFO - Cache hit for query: 'svt'
2026-02-01 16:51:41 - kse.search.kse_search_pipeline - INFO - Advanced ranking enabled
2026-02-01 16:51:41 - kse.search.kse_search_pipeline - INFO - Search cache enabled
2026-02-01 16:51:41 - kse.search.kse_search_pipeline - INFO - Search pipeline initialized
2026-02-01 19:10:15 - kse.search.kse_search_pipeline - INFO - Advanced ranking enabled
2026-02-01 19:10:15 - kse.search.kse_search_pipeline - INFO - Search cache enabled
2026-02-01 19:10:15 - kse.search.kse_search_pipeline - INFO - Search pipeline initialized
2026-02-01 19:12:01 - kse.search.kse_search_pipeline - INFO - Advanced ranking enabled
2026-02-01 19:12:01 - kse.search.kse_search_pipeline - INFO - Search cache enabled
2026-02-01 19:12:01 - kse.search.kse_search_pipeline - INFO - Search pipeline initialized
2026-02-01 19:12:25 - kse.search.kse_search_pipeline - INFO - Search request: 'svt'
2026-02-01 19:12:25 - kse.search.kse_search_pipeline - INFO - Search terms: ['svt']
2026-02-01 19:12:25 - kse.search.kse_search_executor - INFO - Executing search for terms: ['svt']
2026-02-01 19:12:26 - kse.search.kse_search_executor - INFO - Search returned 7 results
2026-02-01 19:12:26 - kse.search.kse_search_pipeline - INFO - Search completed: 7 results in 0.614s
2026-02-01 19:12:32 - kse.search.kse_search_pipeline - INFO - Search request: 'nyheter'
2026-02-01 19:12:32 - kse.search.kse_search_pipeline - INFO - Search terms: ['nyheta', 'nyheter', 'senaste', 'nyhet', 'aktuellt', 'news']
2026-02-01 19:12:32 - kse.search.kse_search_executor - INFO - Executing search for terms: ['nyheta', 'nyheter', 'senaste', 'nyhet', 'aktuellt', 'news']
2026-02-01 19:12:33 - kse.search.kse_search_executor - INFO - Search returned 19 results
2026-02-01 19:12:33 - kse.search.kse_search_pipeline - INFO - Search completed: 10 results in 0.949s
2026-02-01 19:16:20 - kse.search.kse_search_pipeline - INFO - Search request: 'svt'
2026-02-01 19:16:20 - kse.search.kse_search_pipeline - INFO - Cache hit for query: 'svt'
2026-02-01 19:19:33 - kse.search.kse_search_pipeline - INFO - Search request: 'aftonbladet'
2026-02-01 19:19:33 - kse.search.kse_search_pipeline - INFO - Search terms: ['aftonblad', 'aftonbladet']
2026-02-01 19:19:33 - kse.search.kse_search_executor - INFO - Executing search for terms: ['aftonblad', 'aftonbladet']
2026-02-01 19:19:33 - kse.search.kse_search_executor - INFO - Search returned 2 results
2026-02-01 19:19:33 - kse.search.kse_search_pipeline - INFO - Search completed: 2 results in 0.053s
2026-02-01 19:20:32 - kse.search.kse_search_pipeline - INFO - Search request: 'svt'
2026-02-01 19:20:32 - kse.search.kse_search_pipeline - INFO - Cache hit for query: 'svt'
2026-02-01 19:20:47 - kse.search.kse_search_pipeline - INFO - Search request: 'svt'
2026-02-01 19:20:47 - kse.search.kse_search_pipeline - INFO - Cache hit for query: 'svt'
2026-02-01 19:38:00 - kse.search.kse_search_pipeline - INFO - Advanced ranking enabled
2026-02-01 19:38:00 - kse.search.kse_search_pipeline - INFO - Search cache enabled
2026-02-01 19:38:00 - kse.search.kse_search_pipeline - INFO - Search pipeline initialized
2026-02-01 21:17:41 - kse.search.kse_search_pipeline - INFO - Search request: 'svt'
2026-02-01 21:17:41 - kse.search.kse_search_pipeline - INFO - Search terms: ['svt']
2026-02-01 21:17:41 - kse.search.kse_search_executor - INFO - Executing search for terms: ['svt']
2026-02-01 21:17:41 - kse.search.kse_search_executor - INFO - Search returned 0 results
2026-02-01 21:17:41 - kse.search.kse_search_pipeline - INFO - Search completed: 0 results in 0.001s
2026-02-01 21:17:48 - kse.search.kse_search_pipeline - INFO - Search request: 'dagens nyheter'
2026-02-01 21:17:48 - kse.search.kse_search_pipeline - INFO - Search terms: ['news', 'dagens', 'aktuellt', 'nyheter', 'nyheta', 'senaste', 'nyhet']
2026-02-01 21:17:48 - kse.search.kse_search_executor - INFO - Executing search for terms: ['news', 'dagens', 'aktuellt', 'nyheter', 'nyheta', 'senaste', 'nyhet']
2026-02-01 21:17:48 - kse.search.kse_search_executor - INFO - Search returned 0 results
2026-02-01 21:17:48 - kse.search.kse_search_pipeline - INFO - Search completed: 0 results in 0.001s
2026-02-01 21:18:13 - kse.search.kse_search_pipeline - INFO - Search request: 'svt'
2026-02-01 21:18:13 - kse.search.kse_search_pipeline - INFO - Cache hit for query: 'svt'
2026-02-01 21:23:03 - kse.search.kse_search_pipeline - INFO - Advanced ranking enabled
2026-02-01 21:23:03 - kse.search.kse_search_pipeline - INFO - Search cache enabled
2026-02-01 21:23:03 - kse.search.kse_search_pipeline - INFO - Search pipeline initialized
2026-02-01 21:24:32 - kse.search.kse_search_pipeline - INFO - Search request: 'svt'
2026-02-01 21:24:32 - kse.search.kse_search_pipeline - INFO - Search terms: ['svt']
2026-02-01 21:24:32 - kse.search.kse_search_executor - INFO - Executing search for terms: ['svt']
2026-02-01 21:25:02 - kse.search.kse_search_pipeline - INFO - Advanced ranking enabled
2026-02-01 21:25:02 - kse.search.kse_search_pipeline - INFO - Search cache enabled
2026-02-01 21:25:02 - kse.search.kse_search_pipeline - INFO - Search pipeline initialized
2026-02-01 21:25:34 - kse.search.kse_search_pipeline - INFO - Search request: 'svt'
2026-02-01 21:25:34 - kse.search.kse_search_pipeline - INFO - Search terms: ['svt']
2026-02-01 21:25:34 - kse.search.kse_search_executor - INFO - Executing search for terms: ['svt']
2026-02-01 21:25:47 - kse.search.kse_search_pipeline - INFO - Search request: 'dagens nyheter'
2026-02-01 21:25:47 - kse.search.kse_search_pipeline - INFO - Search terms: ['news', 'senaste', 'nyheta', 'nyheter', 'nyhet', 'dagens', 'aktuellt']
2026-02-01 21:25:47 - kse.search.kse_search_executor - INFO - Executing search for terms: ['news', 'senaste', 'nyheta', 'nyheter', 'nyhet', 'dagens', 'aktuellt']
2026-02-01 21:27:23 - kse.search.kse_search_pipeline - INFO - Search request: 'svt'
2026-02-01 21:27:23 - kse.search.kse_search_pipeline - INFO - Search terms: ['svt']
2026-02-01 21:27:23 - kse.search.kse_search_executor - INFO - Executing search for terms: ['svt']
2026-02-01 21:28:58 - kse.search.kse_search_pipeline - INFO - Advanced ranking enabled
2026-02-01 21:28:58 - kse.search.kse_search_pipeline - INFO - Search cache enabled
2026-02-01 21:28:58 - kse.search.kse_search_pipeline - INFO - Search pipeline initialized
2026-02-01 21:29:32 - kse.search.kse_search_pipeline - INFO - Search request: 'svt'
2026-02-01 21:29:32 - kse.search.kse_search_pipeline - INFO - Search terms: ['svt']
2026-02-01 21:29:32 - kse.search.kse_search_executor - INFO - Executing search for terms: ['svt']
2026-02-01 21:32:03 - kse.search.kse_search_pipeline - INFO - Advanced ranking enabled
2026-02-01 21:32:03 - kse.search.kse_search_pipeline - INFO - Search cache enabled
2026-02-01 21:32:03 - kse.search.kse_search_pipeline - INFO - Search pipeline initialized
2026-02-01 21:33:00 - kse.search.kse_search_pipeline - INFO - Search request: 'svt'
2026-02-01 21:33:00 - kse.search.kse_search_pipeline - INFO - Search terms: ['svt']
2026-02-01 21:33:00 - kse.search.kse_search_executor - INFO - Executing search for terms: ['svt']
2026-02-01 21:37:05 - kse.search.kse_search_pipeline - INFO - Advanced ranking enabled
2026-02-01 21:37:05 - kse.search.kse_search_pipeline - INFO - Search cache enabled
2026-02-01 21:37:05 - kse.search.kse_search_pipeline - INFO - Search pipeline initialized
2026-02-01 21:37:37 - kse.search.kse_search_pipeline - INFO - Advanced ranking enabled
2026-02-01 21:37:37 - kse.search.kse_search_pipeline - INFO - Search cache enabled
2026-02-01 21:37:37 - kse.search.kse_search_pipeline - INFO - Search pipeline initialized
2026-02-01 21:37:57 - kse.search.kse_search_pipeline - INFO - Search request: 'svt'
2026-02-01 21:37:57 - kse.search.kse_search_pipeline - INFO - Search terms: ['svt']
2026-02-01 21:37:57 - kse.search.kse_search_executor - INFO - Executing search for terms: ['svt']
2026-02-01 21:40:44 - kse.search.kse_search_pipeline - INFO - Advanced ranking enabled
2026-02-01 21:40:44 - kse.search.kse_search_pipeline - INFO - Search cache enabled
2026-02-01 21:40:44 - kse.search.kse_search_pipeline - INFO - Search pipeline initialized
2026-02-01 21:42:36 - kse.search.kse_search_pipeline - INFO - Advanced ranking enabled
2026-02-01 21:42:36 - kse.search.kse_search_pipeline - INFO - Search cache enabled
2026-02-01 21:42:36 - kse.search.kse_search_pipeline - INFO - Search pipeline initialized
2026-02-01 21:42:36 - kse.search.kse_search_pipeline - INFO - Search request: 'svt'
2026-02-01 21:42:36 - kse.search.kse_search_pipeline - INFO - Search terms: ['svt']
2026-02-01 21:42:36 - kse.search.kse_search_executor - INFO - Executing search for terms: ['svt']
2026-02-01 21:42:36 - kse.search.kse_search_executor - INFO - Search returned 0 results
2026-02-01 21:42:36 - kse.search.kse_search_pipeline - INFO - Search completed: 0 results in 0.002s
2026-02-01 21:43:27 - kse.search.kse_search_pipeline - INFO - Advanced ranking enabled
2026-02-01 21:43:27 - kse.search.kse_search_pipeline - INFO - Search cache enabled
2026-02-01 21:43:27 - kse.search.kse_search_pipeline - INFO - Search pipeline initialized
2026-02-01 21:43:49 - kse.search.kse_search_pipeline - INFO - Search request: 'svt'
2026-02-01 21:43:49 - kse.search.kse_search_pipeline - INFO - Search terms: ['svt']
2026-02-01 21:43:49 - kse.search.kse_search_executor - INFO - Executing search for terms: ['svt']
2026-02-01 21:43:49 - kse.search.kse_search_executor - INFO - Search returned 0 results
2026-02-01 21:43:49 - kse.search.kse_search_pipeline - INFO - Search completed: 0 results in 0.001s
2026-02-01 21:57:34 - kse.search.kse_search_pipeline - INFO - Advanced ranking enabled
2026-02-01 21:57:34 - kse.search.kse_search_pipeline - INFO - Search cache enabled
2026-02-01 21:57:34 - kse.search.kse_search_pipeline - INFO - Search pipeline initialized
2026-02-01 21:58:52 - kse.search.kse_search_pipeline - INFO - Advanced ranking enabled
2026-02-01 21:58:52 - kse.search.kse_search_pipeline - INFO - Search cache enabled
2026-02-01 21:58:52 - kse.search.kse_search_pipeline - INFO - Search pipeline initialized
2026-02-01 21:58:58 - kse.search.kse_search_pipeline - INFO - Search request: 'svt'
2026-02-01 21:58:58 - kse.search.kse_search_pipeline - INFO - Search terms: ['svt']
2026-02-01 21:58:58 - kse.search.kse_search_executor - INFO - Executing search for terms: ['svt']
2026-02-01 21:58:59 - kse.search.kse_search_executor - INFO - Search returned 7 results
2026-02-01 21:58:59 - kse.search.kse_search_pipeline - INFO - Search completed: 7 results in 0.665s
2026-02-01 21:59:11 - kse.search.kse_search_pipeline - INFO - Search request: 'fakta'
2026-02-01 21:59:11 - kse.search.kse_search_pipeline - INFO - Search terms: ['fakta', 'fakt']
2026-02-01 21:59:11 - kse.search.kse_search_executor - INFO - Executing search for terms: ['fakta', 'fakt']
2026-02-01 21:59:11 - kse.search.kse_search_executor - INFO - Search returned 1 results
2026-02-01 21:59:11 - kse.search.kse_search_pipeline - INFO - Search completed: 1 results in 0.017s
2026-02-01 21:59:20 - kse.search.kse_search_pipeline - INFO - Search request: 'villosus'
2026-02-01 21:59:20 - kse.search.kse_search_pipeline - INFO - Search terms: ['villosus']
2026-02-01 21:59:20 - kse.search.kse_search_executor - INFO - Executing search for terms: ['villosus']
2026-02-01 21:59:20 - kse.search.kse_search_executor - INFO - Search returned 1 results
2026-02-01 21:59:20 - kse.search.kse_search_pipeline - INFO - Search completed: 1 results in 0.018s
