2026-01-30 09:21:04 - kse.server.kse_server - INFO - Detecting network information...
2026-01-30 09:21:05 - kse.server.kse_server - INFO - Network info: {'public_ip': '188.149.144.65', 'local_ip': '188.149.144.65', 'hostname': 'AID9203'}
2026-01-30 09:21:05 - kse.server.kse_server - INFO - Monitoring enabled
2026-01-30 09:21:05 - kse.server.kse_server - INFO - KSE Server initialized
2026-01-30 10:58:46 - kse.server.kse_server - INFO - Detecting network information...
2026-01-30 10:58:46 - kse.server.kse_server - INFO - Network info: {'public_ip': '188.149.144.65', 'local_ip': '188.149.144.65', 'hostname': 'AID9203'}
2026-01-30 10:58:46 - kse.server.kse_server - INFO - Monitoring enabled
2026-01-30 10:58:46 - kse.server.kse_server - INFO - KSE Server initialized
2026-01-31 00:37:35 - kse.server.kse_server - INFO - Detecting network information...
2026-01-31 00:37:42 - kse.server.kse_server - INFO - Network info: {'public_ip': '151.177.91.251', 'local_ip': '192.168.1.247', 'hostname': 'AID9203'}
2026-01-31 00:37:42 - kse.server.kse_server - INFO - Monitoring enabled
2026-01-31 00:37:42 - kse.server.kse_server - INFO - KSE Server initialized
2026-01-31 00:58:42 - kse.server.kse_server - INFO - Detecting network information...
2026-01-31 00:58:42 - kse.server.kse_server - INFO - Network info: {'public_ip': '151.177.91.251', 'local_ip': '192.168.1.247', 'hostname': 'AID9203'}
2026-01-31 00:58:43 - kse.server.kse_server - INFO - Monitoring enabled
2026-01-31 00:58:43 - kse.server.kse_server - INFO - KSE Server initialized
2026-01-31 19:40:59 - kse.server.kse_server - INFO - Loading allowed domains...
2026-01-31 19:40:59 - kse.server.kse_server - INFO - Loaded 12 allowed domains
2026-01-31 19:40:59 - kse.server.kse_server - INFO - Detecting network information...
2026-01-31 19:40:59 - kse.server.kse_server - INFO - Network info: {'public_ip': '188.148.255.138', 'local_ip': '188.148.255.138', 'hostname': 'AID9203'}
2026-01-31 19:40:59 - kse.server.kse_server - INFO - Monitoring enabled
2026-01-31 19:40:59 - kse.server.kse_server - INFO - KSE Server initialized
2026-01-31 19:41:59 - kse.server.kse_server - INFO - Domain check: svt.se - ALLOWED
2026-01-31 19:42:18 - kse.server.kse_server - INFO - Domain check: youtube.com - BLOCKED
2026-01-31 19:42:27 - kse.server.kse_server - INFO - Domain check: dramacool.sh - BLOCKED
2026-01-31 19:42:36 - kse.server.kse_server - INFO - Domain check: sverige.se - BLOCKED
2026-01-31 20:05:50 - kse.server.kse_server - INFO - ============================================================
2026-01-31 20:05:50 - kse.server.kse_server - INFO - FIRST RUN DETECTED
2026-01-31 20:05:50 - kse.server.kse_server - INFO - ============================================================
2026-01-31 20:05:50 - kse.server.kse_server - INFO - Welcome to Klar Search Engine - Sveriges Sökmotor
2026-01-31 20:05:50 - kse.server.kse_server - INFO - This is the initial setup. The server will index domains...
2026-01-31 20:05:50 - kse.server.kse_server - INFO - ============================================================
2026-01-31 20:05:50 - kse.server.kse_server - INFO - Loading allowed domains...
2026-01-31 20:05:50 - kse.server.kse_server - INFO - Loaded 13 allowed domains
2026-01-31 20:05:50 - kse.server.kse_server - INFO - Detecting network information...
2026-01-31 20:05:50 - kse.server.kse_server - INFO - Network info: {'public_ip': '188.148.255.138', 'local_ip': '188.148.255.138', 'hostname': 'AID9203'}
2026-01-31 20:05:50 - kse.server.kse_server - INFO - Monitoring enabled
2026-01-31 20:05:50 - kse.server.kse_server - INFO - ============================================================
2026-01-31 20:05:50 - kse.server.kse_server - INFO - SETUP COMPLETE! Klar Search Engine is ready.
2026-01-31 20:05:50 - kse.server.kse_server - INFO - ============================================================
2026-01-31 20:05:50 - kse.server.kse_server - INFO - KSE Server initialized
2026-01-31 20:13:59 - kse.server.kse_server - INFO - Klar Search Engine - Starting up...
2026-01-31 20:13:59 - kse.server.kse_server - INFO - Last startup: 2026-01-31T20:05:50.791973
2026-01-31 20:13:59 - kse.server.kse_server - INFO - Indexed domains: 13
2026-01-31 20:13:59 - kse.server.kse_server - INFO - Total documents: 10
2026-01-31 20:13:59 - kse.server.kse_server - INFO - Loading allowed domains...
2026-01-31 20:13:59 - kse.server.kse_server - INFO - Loaded 13 allowed domains
2026-01-31 20:13:59 - kse.server.kse_server - INFO - Detecting network information...
2026-01-31 20:13:59 - kse.server.kse_server - INFO - Network info: {'public_ip': '188.148.255.138', 'local_ip': '188.148.255.138', 'hostname': 'AID9203'}
2026-01-31 20:13:59 - kse.server.kse_server - INFO - Monitoring enabled
2026-01-31 20:13:59 - kse.server.kse_server - INFO - KSE Server initialized
2026-01-31 20:21:57 - kse.server.kse_server - INFO - ============================================================
2026-01-31 20:21:57 - kse.server.kse_server - INFO - FIRST RUN DETECTED
2026-01-31 20:21:57 - kse.server.kse_server - INFO - ============================================================
2026-01-31 20:21:57 - kse.server.kse_server - INFO - Welcome to Klar Search Engine - Sveriges Sökmotor
2026-01-31 20:21:57 - kse.server.kse_server - INFO - This is the initial setup. The server will index domains...
2026-01-31 20:21:57 - kse.server.kse_server - INFO - ============================================================
2026-01-31 20:21:57 - kse.server.kse_server - INFO - Loading allowed domains...
2026-01-31 20:21:57 - kse.server.kse_server - INFO - Loaded 13 allowed domains
2026-01-31 20:21:57 - kse.server.kse_server - INFO - Detecting network information...
2026-01-31 20:21:58 - kse.server.kse_server - INFO - Network info: {'public_ip': '188.148.255.138', 'local_ip': '188.148.255.138', 'hostname': 'AID9203'}
2026-01-31 20:21:58 - kse.server.kse_server - INFO - Monitoring enabled
2026-01-31 20:21:58 - kse.server.kse_server - INFO - ============================================================
2026-01-31 20:21:58 - kse.server.kse_server - INFO - SETUP COMPLETE! Klar Search Engine is ready.
2026-01-31 20:21:58 - kse.server.kse_server - INFO - ============================================================
2026-01-31 20:21:58 - kse.server.kse_server - INFO - KSE Server initialized
2026-01-31 20:33:20 - kse.server.kse_server - INFO - ============================================================
2026-01-31 20:33:20 - kse.server.kse_server - INFO - FIRST RUN DETECTED
2026-01-31 20:33:20 - kse.server.kse_server - INFO - ============================================================
2026-01-31 20:33:20 - kse.server.kse_server - INFO - Welcome to Klar Search Engine - Sveriges Sökmotor
2026-01-31 20:33:20 - kse.server.kse_server - INFO - This is the initial setup. The server will index domains...
2026-01-31 20:33:20 - kse.server.kse_server - INFO - ============================================================
2026-01-31 20:33:20 - kse.server.kse_server - INFO - Loading allowed domains...
2026-01-31 20:33:20 - kse.server.kse_server - INFO - Loaded 13 allowed domains
2026-01-31 20:33:20 - kse.server.kse_server - INFO - Detecting network information...
2026-01-31 20:33:21 - kse.server.kse_server - INFO - Network info: {'public_ip': '188.148.255.138', 'local_ip': '188.148.255.138', 'hostname': 'AID9203'}
2026-01-31 20:33:21 - kse.server.kse_server - INFO - Monitoring enabled
2026-01-31 20:33:21 - kse.server.kse_server - INFO - ============================================================
2026-01-31 20:33:21 - kse.server.kse_server - INFO - SETUP COMPLETE! Klar Search Engine is ready.
2026-01-31 20:33:21 - kse.server.kse_server - INFO - ============================================================
2026-01-31 20:33:21 - kse.server.kse_server - INFO - KSE Server initialized
2026-01-31 20:51:58 - kse.server.kse_server - INFO - ============================================================
2026-01-31 20:51:58 - kse.server.kse_server - INFO - FIRST RUN DETECTED
2026-01-31 20:51:58 - kse.server.kse_server - INFO - ============================================================
2026-01-31 20:51:58 - kse.server.kse_server - INFO - Welcome to Klar Search Engine - Sveriges Sökmotor
2026-01-31 20:51:58 - kse.server.kse_server - INFO - This is the initial setup. The server will index domains...
2026-01-31 20:51:58 - kse.server.kse_server - INFO - ============================================================
2026-01-31 20:51:58 - kse.server.kse_server - INFO - Loading allowed domains...
2026-01-31 20:51:58 - kse.server.kse_server - INFO - Loaded 13 allowed domains
2026-01-31 20:51:58 - kse.server.kse_server - INFO - Detecting network information...
2026-01-31 20:51:58 - kse.server.kse_server - INFO - Network info: {'public_ip': '188.148.255.138', 'local_ip': '188.148.255.138', 'hostname': 'AID9203'}
2026-01-31 20:51:58 - kse.server.kse_server - INFO - Monitoring enabled
2026-01-31 20:51:58 - kse.server.kse_server - INFO - ============================================================
2026-01-31 20:51:58 - kse.server.kse_server - INFO - SETUP COMPLETE! Klar Search Engine is ready.
2026-01-31 20:51:58 - kse.server.kse_server - INFO - ============================================================
2026-01-31 20:51:58 - kse.server.kse_server - INFO - KSE Server initialized
2026-01-31 21:13:15 - kse.server.kse_server - INFO - ============================================================
2026-01-31 21:13:15 - kse.server.kse_server - INFO - FIRST RUN DETECTED
2026-01-31 21:13:15 - kse.server.kse_server - INFO - ============================================================
2026-01-31 21:13:15 - kse.server.kse_server - INFO - Welcome to Klar Search Engine - Sveriges Sökmotor
2026-01-31 21:13:15 - kse.server.kse_server - INFO - This is the initial setup. The server will index domains...
2026-01-31 21:13:15 - kse.server.kse_server - INFO - ============================================================
2026-01-31 21:13:15 - kse.server.kse_server - INFO - Loading allowed domains...
2026-01-31 21:13:15 - kse.server.kse_server - INFO - Loaded 13 allowed domains
2026-01-31 21:13:15 - kse.server.kse_server - INFO - Detecting network information...
2026-01-31 21:13:15 - kse.server.kse_server - INFO - Network info: {'public_ip': '188.148.255.138', 'local_ip': '188.148.255.138', 'hostname': 'AID9203'}
2026-01-31 21:13:15 - kse.server.kse_server - INFO - Monitoring enabled
2026-01-31 21:13:15 - kse.server.kse_server - INFO - ============================================================
2026-01-31 21:13:15 - kse.server.kse_server - INFO - SETUP COMPLETE! Klar Search Engine is ready.
2026-01-31 21:13:15 - kse.server.kse_server - INFO - ============================================================
2026-01-31 21:13:15 - kse.server.kse_server - INFO - KSE Server initialized
2026-01-31 21:22:42 - kse.server.kse_server - INFO - ============================================================
2026-01-31 21:22:42 - kse.server.kse_server - INFO - FIRST RUN DETECTED
2026-01-31 21:22:42 - kse.server.kse_server - INFO - ============================================================
2026-01-31 21:22:42 - kse.server.kse_server - INFO - Welcome to Klar Search Engine - Sveriges Sökmotor
2026-01-31 21:22:42 - kse.server.kse_server - INFO - This is the initial setup. The server will index domains...
2026-01-31 21:22:42 - kse.server.kse_server - INFO - ============================================================
2026-01-31 21:22:42 - kse.server.kse_server - INFO - Loading allowed domains...
2026-01-31 21:22:42 - kse.server.kse_server - INFO - Loaded 13 allowed domains
2026-01-31 21:22:42 - kse.server.kse_server - INFO - Detecting network information...
2026-01-31 21:22:42 - kse.server.kse_server - INFO - Network info: {'public_ip': '188.148.255.138', 'local_ip': '188.148.255.138', 'hostname': 'AID9203'}
2026-01-31 21:22:42 - kse.server.kse_server - INFO - Monitoring enabled
2026-01-31 21:22:42 - kse.server.kse_server - INFO - ============================================================
2026-01-31 21:22:42 - kse.server.kse_server - INFO - SETUP COMPLETE! Klar Search Engine is ready.
2026-01-31 21:22:42 - kse.server.kse_server - INFO - ============================================================
2026-01-31 21:22:42 - kse.server.kse_server - INFO - KSE Server initialized
2026-01-31 21:26:53 - kse.server.kse_server - INFO - ============================================================
2026-01-31 21:26:53 - kse.server.kse_server - INFO - FIRST RUN DETECTED
2026-01-31 21:26:53 - kse.server.kse_server - INFO - ============================================================
2026-01-31 21:26:53 - kse.server.kse_server - INFO - Welcome to Klar Search Engine - Sveriges Sökmotor
2026-01-31 21:26:53 - kse.server.kse_server - INFO - This is the initial setup. The server will index domains...
2026-01-31 21:26:53 - kse.server.kse_server - INFO - ============================================================
2026-01-31 21:26:53 - kse.server.kse_server - INFO - Loading allowed domains...
2026-01-31 21:26:53 - kse.server.kse_server - INFO - Loaded 13 allowed domains
2026-01-31 21:26:53 - kse.server.kse_server - INFO - Detecting network information...
2026-01-31 21:26:53 - kse.server.kse_server - INFO - Network info: {'public_ip': '188.148.255.138', 'local_ip': '188.148.255.138', 'hostname': 'AID9203'}
2026-01-31 21:26:53 - kse.server.kse_server - INFO - Monitoring enabled
2026-01-31 21:26:53 - kse.server.kse_server - INFO - ============================================================
2026-01-31 21:26:53 - kse.server.kse_server - INFO - SETUP COMPLETE! Klar Search Engine is ready.
2026-01-31 21:26:53 - kse.server.kse_server - INFO - ============================================================
2026-01-31 21:26:53 - kse.server.kse_server - INFO - KSE Server initialized
2026-01-31 22:29:44 - kse.server.kse_server - INFO - ============================================================
2026-01-31 22:29:44 - kse.server.kse_server - INFO - FIRST RUN DETECTED
2026-01-31 22:29:44 - kse.server.kse_server - INFO - ============================================================
2026-01-31 22:29:44 - kse.server.kse_server - INFO - Welcome to Klar Search Engine - Sveriges Sökmotor
2026-01-31 22:29:44 - kse.server.kse_server - INFO - This is the initial setup. The server will index domains...
2026-01-31 22:29:44 - kse.server.kse_server - INFO - ============================================================
2026-01-31 22:29:44 - kse.server.kse_server - INFO - Loading allowed domains...
2026-01-31 22:29:44 - kse.server.kse_server - INFO - Loaded 13 allowed domains
2026-01-31 22:29:44 - kse.server.kse_server - INFO - Detecting network information...
2026-01-31 22:29:44 - kse.server.kse_server - INFO - Network info: {'public_ip': '188.148.255.138', 'local_ip': '188.148.255.138', 'hostname': 'AID9203'}
2026-01-31 22:29:44 - kse.server.kse_server - INFO - Monitoring enabled
2026-01-31 22:29:44 - kse.server.kse_server - INFO - ============================================================
2026-01-31 22:29:44 - kse.server.kse_server - INFO - SETUP COMPLETE! Klar Search Engine is ready.
2026-01-31 22:29:44 - kse.server.kse_server - INFO - ============================================================
2026-01-31 22:29:44 - kse.server.kse_server - INFO - KSE Server initialized
2026-01-31 22:32:22 - kse.server.kse_server - INFO - ============================================================
2026-01-31 22:32:22 - kse.server.kse_server - INFO - FIRST RUN DETECTED
2026-01-31 22:32:22 - kse.server.kse_server - INFO - ============================================================
2026-01-31 22:32:22 - kse.server.kse_server - INFO - Welcome to Klar Search Engine - Sveriges Sökmotor
2026-01-31 22:32:22 - kse.server.kse_server - INFO - This is the initial setup. The server will index domains...
2026-01-31 22:32:22 - kse.server.kse_server - INFO - ============================================================
2026-01-31 22:32:22 - kse.server.kse_server - INFO - Loading allowed domains...
2026-01-31 22:32:22 - kse.server.kse_server - INFO - Loaded 13 allowed domains
2026-01-31 22:32:22 - kse.server.kse_server - INFO - Detecting network information...
2026-01-31 22:32:22 - kse.server.kse_server - INFO - Network info: {'public_ip': '188.148.255.138', 'local_ip': '188.148.255.138', 'hostname': 'AID9203'}
2026-01-31 22:32:22 - kse.server.kse_server - INFO - Monitoring enabled
2026-01-31 22:32:22 - kse.server.kse_server - INFO - ============================================================
2026-01-31 22:32:22 - kse.server.kse_server - INFO - SETUP COMPLETE! Klar Search Engine is ready.
2026-01-31 22:32:22 - kse.server.kse_server - INFO - ============================================================
2026-01-31 22:32:22 - kse.server.kse_server - INFO - KSE Server initialized
2026-01-31 22:58:25 - kse.server.kse_server - INFO - ============================================================
2026-01-31 22:58:25 - kse.server.kse_server - INFO - FIRST RUN DETECTED
2026-01-31 22:58:25 - kse.server.kse_server - INFO - ============================================================
2026-01-31 22:58:25 - kse.server.kse_server - INFO - Welcome to Klar Search Engine - Sveriges Sökmotor
2026-01-31 22:58:25 - kse.server.kse_server - INFO - This is the initial setup. The server will index domains...
2026-01-31 22:58:25 - kse.server.kse_server - INFO - ============================================================
2026-01-31 22:58:25 - kse.server.kse_server - INFO - Loading allowed domains...
2026-01-31 22:58:25 - kse.server.kse_server - INFO - Loaded 13 allowed domains
2026-01-31 22:58:25 - kse.server.kse_server - INFO - Detecting network information...
2026-01-31 22:58:25 - kse.server.kse_server - INFO - Network info: {'public_ip': '188.148.255.138', 'local_ip': '188.148.255.138', 'hostname': 'AID9203'}
2026-01-31 22:58:25 - kse.server.kse_server - INFO - Monitoring enabled
2026-01-31 22:58:25 - kse.server.kse_server - INFO - ============================================================
2026-01-31 22:58:25 - kse.server.kse_server - INFO - SETUP COMPLETE! Klar Search Engine is ready.
2026-01-31 22:58:25 - kse.server.kse_server - INFO - ============================================================
2026-01-31 22:58:25 - kse.server.kse_server - INFO - KSE Server initialized
2026-01-31 22:59:12 - kse.server.kse_server - INFO - Klar Search Engine - Starting up...
2026-01-31 22:59:12 - kse.server.kse_server - INFO - Last startup: 2026-01-31T22:58:25.763244
2026-01-31 22:59:12 - kse.server.kse_server - INFO - Indexed domains: 13
2026-01-31 22:59:12 - kse.server.kse_server - INFO - Total documents: 0
2026-01-31 22:59:12 - kse.server.kse_server - INFO - Loading allowed domains...
2026-01-31 22:59:12 - kse.server.kse_server - INFO - Loaded 13 allowed domains
2026-01-31 22:59:12 - kse.server.kse_server - INFO - Detecting network information...
2026-01-31 22:59:13 - kse.server.kse_server - INFO - Network info: {'public_ip': '188.148.255.138', 'local_ip': '188.148.255.138', 'hostname': 'AID9203'}
2026-01-31 22:59:13 - kse.server.kse_server - INFO - Monitoring enabled
2026-01-31 22:59:13 - kse.server.kse_server - INFO - KSE Server initialized
2026-01-31 22:59:34 - kse.server.kse_server - INFO - Klar Search Engine - Starting up...
2026-01-31 22:59:34 - kse.server.kse_server - INFO - Last startup: 2026-01-31T22:59:17.210580
2026-01-31 22:59:34 - kse.server.kse_server - INFO - Indexed domains: 13
2026-01-31 22:59:34 - kse.server.kse_server - INFO - Total documents: 4
2026-01-31 22:59:34 - kse.server.kse_server - INFO - Loading allowed domains...
2026-01-31 22:59:34 - kse.server.kse_server - INFO - Loaded 13 allowed domains
2026-01-31 22:59:34 - kse.server.kse_server - INFO - Detecting network information...
2026-01-31 22:59:34 - kse.server.kse_server - INFO - Network info: {'public_ip': '188.148.255.138', 'local_ip': '188.148.255.138', 'hostname': 'AID9203'}
2026-01-31 22:59:34 - kse.server.kse_server - INFO - Monitoring enabled
2026-01-31 22:59:34 - kse.server.kse_server - INFO - KSE Server initialized
2026-01-31 23:00:20 - kse.server.kse_server - INFO - Klar Search Engine - Starting up...
2026-01-31 23:00:20 - kse.server.kse_server - INFO - Last startup: 2026-01-31T22:59:34.689783
2026-01-31 23:00:20 - kse.server.kse_server - INFO - Indexed domains: 13
2026-01-31 23:00:20 - kse.server.kse_server - INFO - Total documents: 4
2026-01-31 23:00:20 - kse.server.kse_server - INFO - Loading allowed domains...
2026-01-31 23:00:20 - kse.server.kse_server - INFO - Loaded 13 allowed domains
2026-01-31 23:00:20 - kse.server.kse_server - INFO - Detecting network information...
2026-01-31 23:00:20 - kse.server.kse_server - INFO - Network info: {'public_ip': '188.148.255.138', 'local_ip': '188.148.255.138', 'hostname': 'AID9203'}
2026-01-31 23:00:20 - kse.server.kse_server - INFO - Monitoring enabled
2026-01-31 23:00:20 - kse.server.kse_server - INFO - KSE Server initialized
2026-01-31 23:01:43 - kse.server.kse_server - INFO - ============================================================
2026-01-31 23:01:43 - kse.server.kse_server - INFO - FIRST RUN DETECTED
2026-01-31 23:01:43 - kse.server.kse_server - INFO - ============================================================
2026-01-31 23:01:43 - kse.server.kse_server - INFO - Welcome to Klar Search Engine - Sveriges Sökmotor
2026-01-31 23:01:43 - kse.server.kse_server - INFO - This is the initial setup. The server will index domains...
2026-01-31 23:01:43 - kse.server.kse_server - INFO - ============================================================
2026-01-31 23:01:43 - kse.server.kse_server - INFO - Loading allowed domains...
2026-01-31 23:01:43 - kse.server.kse_server - INFO - Loaded 13 allowed domains
2026-01-31 23:01:43 - kse.server.kse_server - INFO - Detecting network information...
2026-01-31 23:01:43 - kse.server.kse_server - INFO - Network info: {'public_ip': '188.148.255.138', 'local_ip': '188.148.255.138', 'hostname': 'AID9203'}
2026-01-31 23:01:43 - kse.server.kse_server - INFO - Monitoring enabled
2026-01-31 23:01:43 - kse.server.kse_server - INFO - ============================================================
2026-01-31 23:01:43 - kse.server.kse_server - INFO - SETUP COMPLETE! Klar Search Engine is ready.
2026-01-31 23:01:43 - kse.server.kse_server - INFO - ============================================================
2026-01-31 23:01:43 - kse.server.kse_server - INFO - KSE Server initialized
2026-01-31 23:03:46 - kse.server.kse_server - INFO - ============================================================
2026-01-31 23:03:46 - kse.server.kse_server - INFO - FIRST RUN DETECTED
2026-01-31 23:03:46 - kse.server.kse_server - INFO - ============================================================
2026-01-31 23:03:46 - kse.server.kse_server - INFO - Welcome to Klar Search Engine - Sveriges Sökmotor
2026-01-31 23:03:46 - kse.server.kse_server - INFO - This is the initial setup. The server will index domains...
2026-01-31 23:03:46 - kse.server.kse_server - INFO - ============================================================
2026-01-31 23:03:46 - kse.server.kse_server - INFO - Loading allowed domains...
2026-01-31 23:03:46 - kse.server.kse_server - INFO - Loaded 13 allowed domains
2026-01-31 23:03:46 - kse.server.kse_server - INFO - Detecting network information...
2026-01-31 23:03:46 - kse.server.kse_server - INFO - Network info: {'public_ip': '188.148.255.138', 'local_ip': '188.148.255.138', 'hostname': 'AID9203'}
2026-01-31 23:03:46 - kse.server.kse_server - INFO - Monitoring enabled
2026-01-31 23:03:46 - kse.server.kse_server - INFO - ============================================================
2026-01-31 23:03:46 - kse.server.kse_server - INFO - SETUP COMPLETE! Klar Search Engine is ready.
2026-01-31 23:03:46 - kse.server.kse_server - INFO - ============================================================
2026-01-31 23:03:46 - kse.server.kse_server - INFO - KSE Server initialized
2026-01-31 23:04:23 - kse.server.kse_server - INFO - Klar Search Engine - Starting up...
2026-01-31 23:04:23 - kse.server.kse_server - INFO - Last startup: 2026-01-31T23:03:46.224491
2026-01-31 23:04:23 - kse.server.kse_server - INFO - Indexed domains: 13
2026-01-31 23:04:23 - kse.server.kse_server - INFO - Total documents: 0
2026-01-31 23:04:23 - kse.server.kse_server - INFO - Loading allowed domains...
2026-01-31 23:04:23 - kse.server.kse_server - INFO - Loaded 13 allowed domains
2026-01-31 23:04:23 - kse.server.kse_server - INFO - Detecting network information...
2026-01-31 23:04:23 - kse.server.kse_server - INFO - Network info: {'public_ip': '188.148.255.138', 'local_ip': '188.148.255.138', 'hostname': 'AID9203'}
2026-01-31 23:04:23 - kse.server.kse_server - INFO - Monitoring enabled
2026-01-31 23:04:23 - kse.server.kse_server - INFO - KSE Server initialized
2026-01-31 23:14:06 - kse.server.kse_server - INFO - Klar Search Engine - Starting up...
2026-01-31 23:14:06 - kse.server.kse_server - INFO - Last startup: 2026-01-31T23:04:26.963340
2026-01-31 23:14:06 - kse.server.kse_server - INFO - Indexed domains: 13
2026-01-31 23:14:06 - kse.server.kse_server - INFO - Total documents: 10
2026-01-31 23:14:06 - kse.server.kse_server - INFO - Loading allowed domains...
2026-01-31 23:14:06 - kse.server.kse_server - INFO - Loaded 13 allowed domains
2026-01-31 23:14:06 - kse.server.kse_server - INFO - Detecting network information...
2026-01-31 23:14:06 - kse.server.kse_server - INFO - Network info: {'public_ip': '188.148.255.138', 'local_ip': '188.148.255.138', 'hostname': 'AID9203'}
2026-01-31 23:14:06 - kse.server.kse_server - INFO - Monitoring enabled
2026-01-31 23:14:06 - kse.server.kse_server - INFO - KSE Server initialized
2026-01-31 23:15:43 - kse.server.kse_server - INFO - Domain check: svt.dr - BLOCKED
2026-01-31 23:15:45 - kse.server.kse_server - INFO - Domain check: svt.se - ALLOWED
2026-01-31 23:18:45 - kse.server.kse_server - INFO - Klar Search Engine - Starting up...
2026-01-31 23:18:45 - kse.server.kse_server - INFO - Last startup: 2026-01-31T23:14:06.699707
2026-01-31 23:18:45 - kse.server.kse_server - INFO - Indexed domains: 13
2026-01-31 23:18:45 - kse.server.kse_server - INFO - Total documents: 10
2026-01-31 23:18:45 - kse.server.kse_server - INFO - Loading allowed domains...
2026-01-31 23:18:45 - kse.server.kse_server - INFO - Loaded 13 allowed domains
2026-01-31 23:18:45 - kse.server.kse_server - INFO - Detecting network information...
2026-01-31 23:18:45 - kse.server.kse_server - INFO - Network info: {'public_ip': '188.148.255.138', 'local_ip': '188.148.255.138', 'hostname': 'AID9203'}
2026-01-31 23:18:45 - kse.server.kse_server - INFO - Monitoring enabled
2026-01-31 23:18:45 - kse.server.kse_server - INFO - KSE Server initialized
2026-01-31 23:19:04 - kse.server.kse_server - INFO - Domain check: svt.se - ALLOWED
2026-01-31 23:20:14 - kse.server.kse_server - INFO - Domain check: svt.se - ALLOWED
2026-01-31 23:40:32 - kse.server.kse_server - INFO - Domain check: svt.se - ALLOWED
2026-01-31 23:46:20 - kse.server.kse_server - INFO - Klar Search Engine - Starting up...
2026-01-31 23:46:20 - kse.server.kse_server - INFO - Last startup: 2026-01-31T23:18:45.185645
2026-01-31 23:46:20 - kse.server.kse_server - INFO - Indexed domains: 13
2026-01-31 23:46:20 - kse.server.kse_server - INFO - Total documents: 10
2026-01-31 23:46:20 - kse.server.kse_server - INFO - Loading allowed domains...
2026-01-31 23:46:20 - kse.server.kse_server - INFO - Loaded 13 allowed domains
2026-01-31 23:46:20 - kse.server.kse_server - INFO - Detecting network information...
2026-01-31 23:46:21 - kse.server.kse_server - INFO - Network info: {'public_ip': '188.148.255.138', 'local_ip': '188.148.255.138', 'hostname': 'AID9203'}
2026-01-31 23:46:21 - kse.server.kse_server - INFO - Monitoring enabled
2026-01-31 23:46:21 - kse.server.kse_server - INFO - KSE Server initialized
2026-01-31 23:49:06 - kse.server.kse_server - INFO - Domain check: svt.se - ALLOWED
2026-01-31 23:52:49 - kse.server.kse_server - INFO - Domain check: svt.se - ALLOWED
2026-01-31 23:54:25 - kse.server.kse_server - INFO - Domain check: svt.se - ALLOWED
2026-01-31 23:56:27 - kse.server.kse_server - INFO - Domain check: svt.se - ALLOWED
2026-01-31 23:57:38 - kse.server.kse_server - INFO - Domain check: svt.se - ALLOWED
2026-01-31 23:59:25 - kse.server.kse_server - INFO - Domain check: svt.se - ALLOWED
2026-02-01 00:02:24 - kse.server.kse_server - INFO - Domain check: svt.se - ALLOWED
2026-02-01 00:02:29 - kse.server.kse_server - INFO - Domain check: svt.se - ALLOWED
2026-02-01 00:05:25 - kse.server.kse_server - INFO - Domain check: svt.se - ALLOWED
2026-02-01 00:05:35 - kse.server.kse_server - INFO - Domain check: svt.se - ALLOWED
2026-02-01 14:27:12 - kse.server.kse_server - INFO - ============================================================
2026-02-01 14:27:12 - kse.server.kse_server - INFO - FIRST RUN DETECTED
2026-02-01 14:27:12 - kse.server.kse_server - INFO - ============================================================
2026-02-01 14:27:12 - kse.server.kse_server - INFO - Welcome to Klar Search Engine - Sveriges Sökmotor
2026-02-01 14:27:12 - kse.server.kse_server - INFO - This is the initial setup. The server will index domains...
2026-02-01 14:27:12 - kse.server.kse_server - INFO - ============================================================
2026-02-01 14:27:12 - kse.server.kse_server - INFO - Loading allowed domains...
2026-02-01 14:27:12 - kse.server.kse_server - INFO - Loaded 13 allowed domains
2026-02-01 14:27:12 - kse.server.kse_server - INFO - Detecting network information...
2026-02-01 14:27:12 - kse.server.kse_server - INFO - Network info: {'public_ip': '188.149.136.91', 'local_ip': '188.149.136.91', 'hostname': 'AID9203'}
2026-02-01 14:27:12 - kse.server.kse_server - INFO - Monitoring enabled
2026-02-01 14:27:12 - kse.server.kse_server - INFO - ============================================================
2026-02-01 14:27:12 - kse.server.kse_server - INFO - SETUP COMPLETE! Klar Search Engine is ready.
2026-02-01 14:27:12 - kse.server.kse_server - INFO - ============================================================
2026-02-01 14:27:12 - kse.server.kse_server - INFO - KSE Server initialized
2026-02-01 15:35:27 - kse.server.kse_server - INFO - Klar Search Engine - Starting up...
2026-02-01 15:35:27 - kse.server.kse_server - INFO - Last startup: 2026-02-01T14:27:12.296295
2026-02-01 15:35:27 - kse.server.kse_server - INFO - Indexed domains: 13
2026-02-01 15:35:27 - kse.server.kse_server - INFO - Total documents: 0
2026-02-01 15:35:27 - kse.server.kse_server - INFO - Loading allowed domains...
2026-02-01 15:35:27 - kse.server.kse_server - INFO - Loaded 13 allowed domains
2026-02-01 15:35:27 - kse.server.kse_server - INFO - Detecting network information...
2026-02-01 15:35:27 - kse.server.kse_server - INFO - Network info: {'public_ip': '188.149.136.91', 'local_ip': '188.149.136.91', 'hostname': 'AID9203'}
2026-02-01 15:35:27 - kse.server.kse_server - INFO - Monitoring enabled
2026-02-01 15:35:27 - kse.server.kse_server - INFO - KSE Server initialized
2026-02-01 15:39:55 - kse.server.kse_server - INFO - Klar Search Engine - Starting up...
2026-02-01 15:39:55 - kse.server.kse_server - INFO - Last startup: 2026-02-01T15:35:27.247922
2026-02-01 15:39:55 - kse.server.kse_server - INFO - Indexed domains: 13
2026-02-01 15:39:55 - kse.server.kse_server - INFO - Total documents: 0
2026-02-01 15:39:55 - kse.server.kse_server - INFO - Loading allowed domains...
2026-02-01 15:39:55 - kse.server.kse_server - INFO - Loaded 13 allowed domains
2026-02-01 15:39:55 - kse.server.kse_server - INFO - Detecting network information...
2026-02-01 15:39:55 - kse.server.kse_server - INFO - Network info: {'public_ip': '188.149.136.91', 'local_ip': '188.149.136.91', 'hostname': 'AID9203'}
2026-02-01 15:39:55 - kse.server.kse_server - INFO - Monitoring enabled
2026-02-01 15:39:55 - kse.server.kse_server - INFO - KSE Server initialized
2026-02-01 16:05:53 - kse.server.kse_server - INFO - Klar Search Engine - Starting up...
2026-02-01 16:05:53 - kse.server.kse_server - INFO - Last startup: 2026-02-01T15:39:55.287687
2026-02-01 16:05:53 - kse.server.kse_server - INFO - Indexed domains: 13
2026-02-01 16:05:53 - kse.server.kse_server - INFO - Total documents: 0
2026-02-01 16:05:53 - kse.server.kse_server - INFO - Loading allowed domains...
2026-02-01 16:05:53 - kse.server.kse_server - INFO - Loaded 13 allowed domains
2026-02-01 16:05:53 - kse.server.kse_server - INFO - Detecting network information...
2026-02-01 16:05:53 - kse.server.kse_server - INFO - Network info: {'public_ip': '188.149.136.91', 'local_ip': '188.149.136.91', 'hostname': 'AID9203'}
2026-02-01 16:05:53 - kse.server.kse_server - INFO - Monitoring enabled
2026-02-01 16:05:53 - kse.server.kse_server - INFO - KSE Server initialized
2026-02-01 16:06:18 - kse.server.kse_server - INFO - Klar Search Engine - Starting up...
2026-02-01 16:06:18 - kse.server.kse_server - INFO - Last startup: 2026-02-01T16:05:53.733330
2026-02-01 16:06:18 - kse.server.kse_server - INFO - Indexed domains: 13
2026-02-01 16:06:18 - kse.server.kse_server - INFO - Total documents: 0
2026-02-01 16:06:18 - kse.server.kse_server - INFO - Loading allowed domains...
2026-02-01 16:06:18 - kse.server.kse_server - INFO - Loaded 13 allowed domains
2026-02-01 16:06:18 - kse.server.kse_server - INFO - Detecting network information...
2026-02-01 16:06:18 - kse.server.kse_server - INFO - Network info: {'public_ip': '188.149.136.91', 'local_ip': '188.149.136.91', 'hostname': 'AID9203'}
2026-02-01 16:06:18 - kse.server.kse_server - INFO - Monitoring enabled
2026-02-01 16:06:18 - kse.server.kse_server - INFO - KSE Server initialized
2026-02-01 16:09:20 - kse.server.kse_server - INFO - Klar Search Engine - Starting up...
2026-02-01 16:09:20 - kse.server.kse_server - INFO - Last startup: 2026-02-01T16:06:18.218183
2026-02-01 16:09:20 - kse.server.kse_server - INFO - Indexed domains: 13
2026-02-01 16:09:20 - kse.server.kse_server - INFO - Total documents: 0
2026-02-01 16:09:20 - kse.server.kse_server - INFO - Loading allowed domains...
2026-02-01 16:09:20 - kse.server.kse_server - INFO - Loaded 13 allowed domains
2026-02-01 16:09:20 - kse.server.kse_server - INFO - Detecting network information...
2026-02-01 16:09:20 - kse.server.kse_server - INFO - Network info: {'public_ip': '188.149.136.91', 'local_ip': '188.149.136.91', 'hostname': 'AID9203'}
2026-02-01 16:09:20 - kse.server.kse_server - INFO - Monitoring enabled
2026-02-01 16:09:20 - kse.server.kse_server - INFO - KSE Server initialized
2026-02-01 16:10:05 - kse.server.kse_server - INFO - Klar Search Engine - Starting up...
2026-02-01 16:10:05 - kse.server.kse_server - INFO - Last startup: 2026-02-01T16:09:20.871903
2026-02-01 16:10:05 - kse.server.kse_server - INFO - Indexed domains: 13
2026-02-01 16:10:05 - kse.server.kse_server - INFO - Total documents: 0
2026-02-01 16:10:05 - kse.server.kse_server - INFO - Loading allowed domains...
2026-02-01 16:10:05 - kse.server.kse_server - INFO - Loaded 13 allowed domains
2026-02-01 16:10:05 - kse.server.kse_server - INFO - Detecting network information...
2026-02-01 16:10:06 - kse.server.kse_server - INFO - Network info: {'public_ip': '188.149.136.91', 'local_ip': '188.149.136.91', 'hostname': 'AID9203'}
2026-02-01 16:10:06 - kse.server.kse_server - INFO - Monitoring enabled
2026-02-01 16:10:06 - kse.server.kse_server - INFO - KSE Server initialized
2026-02-01 16:14:19 - kse.server.kse_server - INFO - Klar Search Engine - Starting up...
2026-02-01 16:14:19 - kse.server.kse_server - INFO - Last startup: 2026-02-01T16:10:06.116709
2026-02-01 16:14:19 - kse.server.kse_server - INFO - Indexed domains: 13
2026-02-01 16:14:19 - kse.server.kse_server - INFO - Total documents: 0
2026-02-01 16:14:19 - kse.server.kse_server - INFO - Loading allowed domains...
2026-02-01 16:14:19 - kse.server.kse_server - INFO - Loaded 13 allowed domains
2026-02-01 16:14:19 - kse.server.kse_server - INFO - Detecting network information...
2026-02-01 16:14:19 - kse.server.kse_server - INFO - Network info: {'public_ip': '188.149.136.91', 'local_ip': '188.149.136.91', 'hostname': 'AID9203'}
2026-02-01 16:14:19 - kse.server.kse_server - INFO - Monitoring enabled
2026-02-01 16:14:19 - kse.server.kse_server - INFO - KSE Server initialized
2026-02-01 16:18:44 - kse.server.kse_server - INFO - Klar Search Engine - Starting up...
2026-02-01 16:18:44 - kse.server.kse_server - INFO - Last startup: 2026-02-01T16:14:19.612231
2026-02-01 16:18:44 - kse.server.kse_server - INFO - Indexed domains: 13
2026-02-01 16:18:44 - kse.server.kse_server - INFO - Total documents: 0
2026-02-01 16:18:44 - kse.server.kse_server - INFO - Loading allowed domains...
2026-02-01 16:18:44 - kse.server.kse_server - INFO - Loaded 13 allowed domains
2026-02-01 16:18:44 - kse.server.kse_server - INFO - Detecting network information...
2026-02-01 16:18:45 - kse.server.kse_server - INFO - Network info: {'public_ip': '188.149.136.91', 'local_ip': '188.149.136.91', 'hostname': 'AID9203'}
2026-02-01 16:18:45 - kse.server.kse_server - INFO - Monitoring enabled
2026-02-01 16:18:45 - kse.server.kse_server - INFO - KSE Server initialized
2026-02-01 16:20:04 - kse.server.kse_server - INFO - Klar Search Engine - Starting up...
2026-02-01 16:20:04 - kse.server.kse_server - INFO - Last startup: 2026-02-01T16:18:45.144955
2026-02-01 16:20:04 - kse.server.kse_server - INFO - Indexed domains: 13
2026-02-01 16:20:04 - kse.server.kse_server - INFO - Total documents: 0
2026-02-01 16:20:04 - kse.server.kse_server - INFO - Loading allowed domains...
2026-02-01 16:20:04 - kse.server.kse_server - INFO - Loaded 13 allowed domains
2026-02-01 16:20:04 - kse.server.kse_server - INFO - Detecting network information...
2026-02-01 16:20:05 - kse.server.kse_server - INFO - Network info: {'public_ip': '188.149.136.91', 'local_ip': '188.149.136.91', 'hostname': 'AID9203'}
2026-02-01 16:20:05 - kse.server.kse_server - INFO - Monitoring enabled
2026-02-01 16:20:05 - kse.server.kse_server - INFO - KSE Server initialized
2026-02-01 16:20:20 - kse.server.kse_server - INFO - Klar Search Engine - Starting up...
2026-02-01 16:20:20 - kse.server.kse_server - INFO - Last startup: 2026-02-01T16:20:05.126025
2026-02-01 16:20:20 - kse.server.kse_server - INFO - Indexed domains: 13
2026-02-01 16:20:20 - kse.server.kse_server - INFO - Total documents: 0
2026-02-01 16:20:20 - kse.server.kse_server - INFO - Loading allowed domains...
2026-02-01 16:20:20 - kse.server.kse_server - INFO - Loaded 13 allowed domains
2026-02-01 16:20:20 - kse.server.kse_server - INFO - Detecting network information...
2026-02-01 16:20:20 - kse.server.kse_server - INFO - Network info: {'public_ip': '188.149.136.91', 'local_ip': '188.149.136.91', 'hostname': 'AID9203'}
2026-02-01 16:20:20 - kse.server.kse_server - INFO - Monitoring enabled
2026-02-01 16:20:20 - kse.server.kse_server - INFO - KSE Server initialized
2026-02-01 16:21:57 - kse.server.kse_server - INFO - Klar Search Engine - Starting up...
2026-02-01 16:21:57 - kse.server.kse_server - INFO - Last startup: 2026-02-01T16:20:20.441204
2026-02-01 16:21:57 - kse.server.kse_server - INFO - Indexed domains: 13
2026-02-01 16:21:57 - kse.server.kse_server - INFO - Total documents: 0
2026-02-01 16:21:57 - kse.server.kse_server - INFO - Loading allowed domains...
2026-02-01 16:21:57 - kse.server.kse_server - INFO - Loaded 13 allowed domains
2026-02-01 16:21:57 - kse.server.kse_server - INFO - Detecting network information...
2026-02-01 16:21:57 - kse.server.kse_server - INFO - Network info: {'public_ip': '188.149.136.91', 'local_ip': '188.149.136.91', 'hostname': 'AID9203'}
2026-02-01 16:21:57 - kse.server.kse_server - INFO - Monitoring enabled
2026-02-01 16:21:57 - kse.server.kse_server - INFO - KSE Server initialized
2026-02-01 16:23:55 - kse.server.kse_server - INFO - Klar Search Engine - Starting up...
2026-02-01 16:23:55 - kse.server.kse_server - INFO - Last startup: 2026-02-01T16:21:57.909329
2026-02-01 16:23:55 - kse.server.kse_server - INFO - Indexed domains: 13
2026-02-01 16:23:55 - kse.server.kse_server - INFO - Total documents: 0
2026-02-01 16:23:55 - kse.server.kse_server - INFO - Loading allowed domains...
2026-02-01 16:23:55 - kse.server.kse_server - INFO - Loaded 13 allowed domains
2026-02-01 16:23:55 - kse.server.kse_server - INFO - Detecting network information...
2026-02-01 16:23:55 - kse.server.kse_server - INFO - Network info: {'public_ip': '188.149.136.91', 'local_ip': '188.149.136.91', 'hostname': 'AID9203'}
2026-02-01 16:23:55 - kse.server.kse_server - INFO - Monitoring enabled
2026-02-01 16:23:55 - kse.server.kse_server - INFO - KSE Server initialized
2026-02-01 16:26:09 - kse.server.kse_server - INFO - Klar Search Engine - Starting up...
2026-02-01 16:26:09 - kse.server.kse_server - INFO - Last startup: 2026-02-01T16:23:55.571574
2026-02-01 16:26:09 - kse.server.kse_server - INFO - Indexed domains: 13
2026-02-01 16:26:09 - kse.server.kse_server - INFO - Total documents: 0
2026-02-01 16:26:09 - kse.server.kse_server - INFO - Loading allowed domains...
2026-02-01 16:26:09 - kse.server.kse_server - INFO - Loaded 13 allowed domains
2026-02-01 16:26:09 - kse.server.kse_server - INFO - Detecting network information...
2026-02-01 16:26:09 - kse.server.kse_server - INFO - Network info: {'public_ip': '188.149.136.91', 'local_ip': '188.149.136.91', 'hostname': 'AID9203'}
2026-02-01 16:26:09 - kse.server.kse_server - INFO - Monitoring enabled
2026-02-01 16:26:09 - kse.server.kse_server - INFO - KSE Server initialized
2026-02-01 16:38:16 - kse.server.kse_server - INFO - Klar Search Engine - Starting up...
2026-02-01 16:38:16 - kse.server.kse_server - INFO - Last startup: 2026-02-01T16:26:09.220803
2026-02-01 16:38:16 - kse.server.kse_server - INFO - Indexed domains: 13
2026-02-01 16:38:16 - kse.server.kse_server - INFO - Total documents: 0
2026-02-01 16:38:16 - kse.server.kse_server - INFO - Loading allowed domains...
2026-02-01 16:38:16 - kse.server.kse_server - INFO - Loaded 13 allowed domains
2026-02-01 16:38:16 - kse.server.kse_server - INFO - Detecting network information...
2026-02-01 16:38:17 - kse.server.kse_server - INFO - Network info: {'public_ip': '188.149.136.91', 'local_ip': '188.149.136.91', 'hostname': 'AID9203'}
2026-02-01 16:38:17 - kse.server.kse_server - INFO - Monitoring enabled
2026-02-01 16:38:17 - kse.server.kse_server - INFO - KSE Server initialized
2026-02-01 16:39:31 - kse.server.kse_server - INFO - Klar Search Engine - Starting up...
2026-02-01 16:39:31 - kse.server.kse_server - INFO - Last startup: 2026-02-01T16:38:17.104450
2026-02-01 16:39:31 - kse.server.kse_server - INFO - Indexed domains: 13
2026-02-01 16:39:31 - kse.server.kse_server - INFO - Total documents: 0
2026-02-01 16:39:31 - kse.server.kse_server - INFO - Loading allowed domains...
2026-02-01 16:39:31 - kse.server.kse_server - INFO - Loaded 13 allowed domains
2026-02-01 16:39:31 - kse.server.kse_server - INFO - Detecting network information...
2026-02-01 16:39:31 - kse.server.kse_server - INFO - Network info: {'public_ip': '188.149.136.91', 'local_ip': '188.149.136.91', 'hostname': 'AID9203'}
2026-02-01 16:39:31 - kse.server.kse_server - INFO - Monitoring enabled
2026-02-01 16:39:31 - kse.server.kse_server - INFO - KSE Server initialized
2026-02-01 16:39:45 - kse.server.kse_server - INFO - Klar Search Engine - Starting up...
2026-02-01 16:39:45 - kse.server.kse_server - INFO - Last startup: 2026-02-01T16:39:31.729946
2026-02-01 16:39:45 - kse.server.kse_server - INFO - Indexed domains: 13
2026-02-01 16:39:45 - kse.server.kse_server - INFO - Total documents: 0
2026-02-01 16:39:45 - kse.server.kse_server - INFO - Loading allowed domains...
2026-02-01 16:39:45 - kse.server.kse_server - INFO - Loaded 13 allowed domains
2026-02-01 16:39:45 - kse.server.kse_server - INFO - Detecting network information...
2026-02-01 16:39:46 - kse.server.kse_server - INFO - Network info: {'public_ip': '188.149.136.91', 'local_ip': '188.149.136.91', 'hostname': 'AID9203'}
2026-02-01 16:39:46 - kse.server.kse_server - INFO - Monitoring enabled
2026-02-01 16:39:46 - kse.server.kse_server - INFO - KSE Server initialized
2026-02-01 16:40:38 - kse.server.kse_server - INFO - ============================================================
2026-02-01 16:40:38 - kse.server.kse_server - INFO - FIRST RUN DETECTED
2026-02-01 16:40:38 - kse.server.kse_server - INFO - ============================================================
2026-02-01 16:40:38 - kse.server.kse_server - INFO - Welcome to Klar Search Engine - Sveriges Sökmotor
2026-02-01 16:40:38 - kse.server.kse_server - INFO - This is the initial setup. The server will index domains...
2026-02-01 16:40:38 - kse.server.kse_server - INFO - ============================================================
2026-02-01 16:40:38 - kse.server.kse_server - INFO - Loading allowed domains...
2026-02-01 16:40:38 - kse.server.kse_server - INFO - Loaded 13 allowed domains
2026-02-01 16:40:38 - kse.server.kse_server - INFO - Detecting network information...
2026-02-01 16:40:38 - kse.server.kse_server - INFO - Network info: {'public_ip': '188.149.136.91', 'local_ip': '188.149.136.91', 'hostname': 'AID9203'}
2026-02-01 16:40:38 - kse.server.kse_server - INFO - Monitoring enabled
2026-02-01 16:40:38 - kse.server.kse_server - INFO - ============================================================
2026-02-01 16:40:38 - kse.server.kse_server - INFO - SETUP COMPLETE! Klar Search Engine is ready.
2026-02-01 16:40:38 - kse.server.kse_server - INFO - ============================================================
2026-02-01 16:40:38 - kse.server.kse_server - INFO - KSE Server initialized
2026-02-01 16:41:06 - kse.server.kse_server - INFO - Klar Search Engine - Starting up...
2026-02-01 16:41:06 - kse.server.kse_server - INFO - Last startup: 2026-02-01T16:40:38.454404
2026-02-01 16:41:06 - kse.server.kse_server - INFO - Indexed domains: 13
2026-02-01 16:41:06 - kse.server.kse_server - INFO - Total documents: 0
2026-02-01 16:41:06 - kse.server.kse_server - INFO - Loading allowed domains...
2026-02-01 16:41:06 - kse.server.kse_server - INFO - Loaded 13 allowed domains
2026-02-01 16:41:06 - kse.server.kse_server - INFO - Detecting network information...
2026-02-01 16:41:06 - kse.server.kse_server - INFO - Network info: {'public_ip': '188.149.136.91', 'local_ip': '188.149.136.91', 'hostname': 'AID9203'}
2026-02-01 16:41:06 - kse.server.kse_server - INFO - Monitoring enabled
2026-02-01 16:41:06 - kse.server.kse_server - INFO - KSE Server initialized
2026-02-01 16:43:45 - kse.server.kse_server - INFO - Klar Search Engine - Starting up...
2026-02-01 16:43:45 - kse.server.kse_server - INFO - Last startup: 2026-02-01T16:41:10.599067
2026-02-01 16:43:45 - kse.server.kse_server - INFO - Indexed domains: 13
2026-02-01 16:43:45 - kse.server.kse_server - INFO - Total documents: 2
2026-02-01 16:43:45 - kse.server.kse_server - INFO - Loading allowed domains...
2026-02-01 16:43:45 - kse.server.kse_server - INFO - Loaded 13 allowed domains
2026-02-01 16:43:45 - kse.server.kse_server - INFO - Detecting network information...
2026-02-01 16:43:45 - kse.server.kse_server - INFO - Network info: {'public_ip': '188.149.136.91', 'local_ip': '188.149.136.91', 'hostname': 'AID9203'}
2026-02-01 16:43:45 - kse.server.kse_server - INFO - Monitoring enabled
2026-02-01 16:43:45 - kse.server.kse_server - INFO - KSE Server initialized
2026-02-01 16:45:44 - kse.server.kse_server - INFO - Klar Search Engine - Starting up...
2026-02-01 16:45:44 - kse.server.kse_server - INFO - Last startup: 2026-02-01T16:43:45.969941
2026-02-01 16:45:44 - kse.server.kse_server - INFO - Indexed domains: 13
2026-02-01 16:45:44 - kse.server.kse_server - INFO - Total documents: 2
2026-02-01 16:45:44 - kse.server.kse_server - INFO - Loading allowed domains...
2026-02-01 16:45:44 - kse.server.kse_server - INFO - Loaded 13 allowed domains
2026-02-01 16:45:44 - kse.server.kse_server - INFO - Detecting network information...
2026-02-01 16:45:45 - kse.server.kse_server - INFO - Network info: {'public_ip': '188.149.136.91', 'local_ip': '188.149.136.91', 'hostname': 'AID9203'}
2026-02-01 16:45:45 - kse.server.kse_server - INFO - Monitoring enabled
2026-02-01 16:45:45 - kse.server.kse_server - INFO - KSE Server initialized
2026-02-01 16:51:41 - kse.server.kse_server - INFO - ============================================================
2026-02-01 16:51:41 - kse.server.kse_server - INFO - FIRST RUN DETECTED
2026-02-01 16:51:41 - kse.server.kse_server - INFO - ============================================================
2026-02-01 16:51:41 - kse.server.kse_server - INFO - Welcome to Klar Search Engine - Sveriges Sökmotor
2026-02-01 16:51:41 - kse.server.kse_server - INFO - This is the initial setup. The server will index domains...
2026-02-01 16:51:41 - kse.server.kse_server - INFO - ============================================================
2026-02-01 16:51:41 - kse.server.kse_server - INFO - Loading allowed domains...
2026-02-01 16:51:41 - kse.server.kse_server - INFO - Loaded 13 allowed domains
2026-02-01 16:51:41 - kse.server.kse_server - INFO - Detecting network information...
2026-02-01 16:51:41 - kse.server.kse_server - INFO - Network info: {'public_ip': '188.149.136.91', 'local_ip': '188.149.136.91', 'hostname': 'AID9203'}
2026-02-01 16:51:41 - kse.server.kse_server - INFO - Monitoring enabled
2026-02-01 16:51:41 - kse.server.kse_server - INFO - ============================================================
2026-02-01 16:51:41 - kse.server.kse_server - INFO - SETUP COMPLETE! Klar Search Engine is ready.
2026-02-01 16:51:41 - kse.server.kse_server - INFO - ============================================================
2026-02-01 16:51:41 - kse.server.kse_server - INFO - KSE Server initialized
2026-02-01 19:10:15 - kse.server.kse_server - INFO - ============================================================
2026-02-01 19:10:15 - kse.server.kse_server - INFO - FIRST RUN DETECTED
2026-02-01 19:10:15 - kse.server.kse_server - INFO - ============================================================
2026-02-01 19:10:15 - kse.server.kse_server - INFO - Welcome to Klar Search Engine - Sveriges Sökmotor
2026-02-01 19:10:15 - kse.server.kse_server - INFO - This is the initial setup. The server will index domains...
2026-02-01 19:10:15 - kse.server.kse_server - INFO - ============================================================
2026-02-01 19:10:15 - kse.server.kse_server - INFO - Loading allowed domains...
2026-02-01 19:10:15 - kse.server.kse_server - INFO - Loaded 13 allowed domains
2026-02-01 19:10:15 - kse.server.kse_server - INFO - Detecting network information...
2026-02-01 19:10:15 - kse.server.kse_server - INFO - Network info: {'public_ip': '188.149.136.91', 'local_ip': '188.149.136.91', 'hostname': 'AID9203'}
2026-02-01 19:10:15 - kse.server.kse_server - INFO - Monitoring enabled
2026-02-01 19:10:15 - kse.server.kse_server - INFO - ============================================================
2026-02-01 19:10:15 - kse.server.kse_server - INFO - SETUP COMPLETE! Klar Search Engine is ready.
2026-02-01 19:10:15 - kse.server.kse_server - INFO - ============================================================
2026-02-01 19:10:15 - kse.server.kse_server - INFO - KSE Server initialized
2026-02-01 19:12:01 - kse.server.kse_server - INFO - Klar Search Engine - Starting up...
2026-02-01 19:12:01 - kse.server.kse_server - INFO - Last startup: 2026-02-01T19:10:15.667796
2026-02-01 19:12:01 - kse.server.kse_server - INFO - Indexed domains: 13
2026-02-01 19:12:01 - kse.server.kse_server - INFO - Total documents: 0
2026-02-01 19:12:01 - kse.server.kse_server - INFO - Loading allowed domains...
2026-02-01 19:12:01 - kse.server.kse_server - INFO - Loaded 13 allowed domains
2026-02-01 19:12:01 - kse.server.kse_server - INFO - Detecting network information...
2026-02-01 19:12:01 - kse.server.kse_server - INFO - Network info: {'public_ip': '188.149.136.91', 'local_ip': '188.149.136.91', 'hostname': 'AID9203'}
2026-02-01 19:12:01 - kse.server.kse_server - INFO - Monitoring enabled
2026-02-01 19:12:01 - kse.server.kse_server - INFO - KSE Server initialized
2026-02-01 19:18:08 - kse.server.kse_server - INFO - Domain check: youtube.com - BLOCKED
2026-02-01 19:18:24 - kse.server.kse_server - INFO - Domain check: youtube.se - BLOCKED
2026-02-01 19:20:25 - kse.server.kse_server - INFO - Domain check: svt.se - ALLOWED
2026-02-01 19:20:50 - kse.server.kse_server - INFO - Domain check: svt.se - ALLOWED
2026-02-01 19:38:00 - kse.server.kse_server - INFO - ============================================================
2026-02-01 19:38:00 - kse.server.kse_server - INFO - FIRST RUN DETECTED
2026-02-01 19:38:00 - kse.server.kse_server - INFO - ============================================================
2026-02-01 19:38:00 - kse.server.kse_server - INFO - Welcome to Klar Search Engine - Sveriges Sökmotor
2026-02-01 19:38:00 - kse.server.kse_server - INFO - This is the initial setup. The server will index domains...
2026-02-01 19:38:00 - kse.server.kse_server - INFO - ============================================================
2026-02-01 19:38:00 - kse.server.kse_server - INFO - Loading allowed domains...
2026-02-01 19:38:00 - kse.server.kse_server - INFO - Loaded 13 allowed domains
2026-02-01 19:38:00 - kse.server.kse_server - INFO - Detecting network information...
2026-02-01 19:38:00 - kse.server.kse_server - INFO - Network info: {'public_ip': '188.149.136.91', 'local_ip': '188.149.136.91', 'hostname': 'AID9203'}
2026-02-01 19:38:00 - kse.server.kse_server - INFO - Monitoring enabled
2026-02-01 19:38:00 - kse.server.kse_server - INFO - ============================================================
2026-02-01 19:38:00 - kse.server.kse_server - INFO - SETUP COMPLETE! Klar Search Engine is ready.
2026-02-01 19:38:00 - kse.server.kse_server - INFO - ============================================================
2026-02-01 19:38:00 - kse.server.kse_server - INFO - KSE Server initialized
2026-02-01 21:23:02 - kse.server.kse_server - INFO - Klar Search Engine - Starting up...
2026-02-01 21:23:02 - kse.server.kse_server - INFO - Last startup: 2026-02-01T19:38:00.595138
2026-02-01 21:23:02 - kse.server.kse_server - INFO - Indexed domains: 13
2026-02-01 21:23:02 - kse.server.kse_server - INFO - Total documents: 0
2026-02-01 21:23:02 - kse.server.kse_server - INFO - Loading allowed domains...
2026-02-01 21:23:02 - kse.server.kse_server - INFO - Loaded 13 allowed domains
2026-02-01 21:23:02 - kse.server.kse_server - INFO - Detecting network information...
2026-02-01 21:23:02 - kse.server.kse_server - INFO - Network info: {'public_ip': '188.149.136.91', 'local_ip': '188.149.136.91', 'hostname': 'AID9203'}
2026-02-01 21:23:03 - kse.server.kse_server - INFO - Monitoring enabled
2026-02-01 21:23:03 - kse.server.kse_server - INFO - KSE Server initialized
2026-02-01 21:25:01 - kse.server.kse_server - INFO - Klar Search Engine - Starting up...
2026-02-01 21:25:01 - kse.server.kse_server - INFO - Last startup: 2026-02-01T21:23:07.033713
2026-02-01 21:25:01 - kse.server.kse_server - INFO - Indexed domains: 13
2026-02-01 21:25:01 - kse.server.kse_server - INFO - Total documents: 2600
2026-02-01 21:25:01 - kse.server.kse_server - INFO - Loading allowed domains...
2026-02-01 21:25:01 - kse.server.kse_server - INFO - Loaded 13 allowed domains
2026-02-01 21:25:01 - kse.server.kse_server - INFO - Detecting network information...
2026-02-01 21:25:02 - kse.server.kse_server - INFO - Network info: {'public_ip': '188.149.136.91', 'local_ip': '188.149.136.91', 'hostname': 'AID9203'}
2026-02-01 21:25:02 - kse.server.kse_server - INFO - Monitoring enabled
2026-02-01 21:25:02 - kse.server.kse_server - INFO - KSE Server initialized
2026-02-01 21:28:58 - kse.server.kse_server - INFO - Klar Search Engine - Starting up...
2026-02-01 21:28:58 - kse.server.kse_server - INFO - Last startup: 2026-02-01T21:25:02.650536
2026-02-01 21:28:58 - kse.server.kse_server - INFO - Indexed domains: 13
2026-02-01 21:28:58 - kse.server.kse_server - INFO - Total documents: 2600
2026-02-01 21:28:58 - kse.server.kse_server - INFO - Loading allowed domains...
2026-02-01 21:28:58 - kse.server.kse_server - INFO - Loaded 13 allowed domains
2026-02-01 21:28:58 - kse.server.kse_server - INFO - Detecting network information...
2026-02-01 21:28:58 - kse.server.kse_server - INFO - Network info: {'public_ip': '188.149.136.91', 'local_ip': '188.149.136.91', 'hostname': 'AID9203'}
2026-02-01 21:28:58 - kse.server.kse_server - INFO - Monitoring enabled
2026-02-01 21:28:58 - kse.server.kse_server - INFO - KSE Server initialized
2026-02-01 21:32:02 - kse.server.kse_server - INFO - Klar Search Engine - Starting up...
2026-02-01 21:32:02 - kse.server.kse_server - INFO - Last startup: 2026-02-01T21:28:58.767217
2026-02-01 21:32:02 - kse.server.kse_server - INFO - Indexed domains: 13
2026-02-01 21:32:02 - kse.server.kse_server - INFO - Total documents: 2600
2026-02-01 21:32:02 - kse.server.kse_server - INFO - Loading allowed domains...
2026-02-01 21:32:02 - kse.server.kse_server - INFO - Loaded 13 allowed domains
2026-02-01 21:32:02 - kse.server.kse_server - INFO - Detecting network information...
2026-02-01 21:32:02 - kse.server.kse_server - INFO - Network info: {'public_ip': '188.149.136.91', 'local_ip': '188.149.136.91', 'hostname': 'AID9203'}
2026-02-01 21:32:03 - kse.server.kse_server - INFO - Monitoring enabled
2026-02-01 21:32:03 - kse.server.kse_server - INFO - KSE Server initialized
2026-02-01 21:37:05 - kse.server.kse_server - INFO - Klar Search Engine - Starting up...
2026-02-01 21:37:05 - kse.server.kse_server - INFO - Last startup: 2026-02-01T21:32:03.689187
2026-02-01 21:37:05 - kse.server.kse_server - INFO - Indexed domains: 13
2026-02-01 21:37:05 - kse.server.kse_server - INFO - Total documents: 2600
2026-02-01 21:37:05 - kse.server.kse_server - INFO - Loading allowed domains...
2026-02-01 21:37:05 - kse.server.kse_server - INFO - Loaded 13 allowed domains
2026-02-01 21:37:05 - kse.server.kse_server - INFO - Detecting network information...
2026-02-01 21:37:05 - kse.server.kse_server - INFO - Network info: {'public_ip': '188.149.136.91', 'local_ip': '188.149.136.91', 'hostname': 'AID9203'}
2026-02-01 21:37:05 - kse.server.kse_server - INFO - Monitoring enabled
2026-02-01 21:37:05 - kse.server.kse_server - INFO - KSE Server initialized
2026-02-01 21:37:36 - kse.server.kse_server - INFO - Klar Search Engine - Starting up...
2026-02-01 21:37:36 - kse.server.kse_server - INFO - Last startup: 2026-02-01T21:37:05.662641
2026-02-01 21:37:36 - kse.server.kse_server - INFO - Indexed domains: 13
2026-02-01 21:37:36 - kse.server.kse_server - INFO - Total documents: 0
2026-02-01 21:37:36 - kse.server.kse_server - INFO - Loading allowed domains...
2026-02-01 21:37:36 - kse.server.kse_server - INFO - Loaded 13 allowed domains
2026-02-01 21:37:36 - kse.server.kse_server - INFO - Detecting network information...
2026-02-01 21:37:36 - kse.server.kse_server - INFO - Network info: {'public_ip': '188.149.136.91', 'local_ip': '188.149.136.91', 'hostname': 'AID9203'}
2026-02-01 21:37:37 - kse.server.kse_server - INFO - Monitoring enabled
2026-02-01 21:37:37 - kse.server.kse_server - INFO - KSE Server initialized
2026-02-01 21:43:27 - kse.server.kse_server - INFO - Klar Search Engine - Starting up...
2026-02-01 21:43:27 - kse.server.kse_server - INFO - Last startup: 2026-02-01T21:37:37.313857
2026-02-01 21:43:27 - kse.server.kse_server - INFO - Indexed domains: 13
2026-02-01 21:43:27 - kse.server.kse_server - INFO - Total documents: 2600
2026-02-01 21:43:27 - kse.server.kse_server - INFO - Loading allowed domains...
2026-02-01 21:43:27 - kse.server.kse_server - INFO - Loaded 13 allowed domains
2026-02-01 21:43:27 - kse.server.kse_server - INFO - Detecting network information...
2026-02-01 21:43:27 - kse.server.kse_server - INFO - Network info: {'public_ip': '188.149.136.91', 'local_ip': '188.149.136.91', 'hostname': 'AID9203'}
2026-02-01 21:43:27 - kse.server.kse_server - INFO - Monitoring enabled
2026-02-01 21:43:27 - kse.server.kse_server - INFO - KSE Server initialized
2026-02-01 21:57:34 - kse.server.kse_server - INFO - ============================================================
2026-02-01 21:57:34 - kse.server.kse_server - INFO - FIRST RUN DETECTED
2026-02-01 21:57:34 - kse.server.kse_server - INFO - ============================================================
2026-02-01 21:57:34 - kse.server.kse_server - INFO - Welcome to Klar Search Engine - Sveriges Sökmotor
2026-02-01 21:57:34 - kse.server.kse_server - INFO - This is the initial setup. The server will index domains...
2026-02-01 21:57:34 - kse.server.kse_server - INFO - ============================================================
2026-02-01 21:57:34 - kse.server.kse_server - INFO - Loading allowed domains...
2026-02-01 21:57:34 - kse.server.kse_server - INFO - Loaded 13 allowed domains
2026-02-01 21:57:34 - kse.server.kse_server - INFO - Detecting network information...
2026-02-01 21:57:34 - kse.server.kse_server - INFO - Network info: {'public_ip': '188.149.136.91', 'local_ip': '188.149.136.91', 'hostname': 'AID9203'}
2026-02-01 21:57:34 - kse.server.kse_server - INFO - Monitoring enabled
2026-02-01 21:57:34 - kse.server.kse_server - INFO - ============================================================
2026-02-01 21:57:34 - kse.server.kse_server - INFO - SETUP COMPLETE! Klar Search Engine is ready.
2026-02-01 21:57:34 - kse.server.kse_server - INFO - ============================================================
2026-02-01 21:57:34 - kse.server.kse_server - INFO - KSE Server initialized
2026-02-01 21:58:52 - kse.server.kse_server - INFO - Klar Search Engine - Starting up...
2026-02-01 21:58:52 - kse.server.kse_server - INFO - Last startup: 2026-02-01T21:57:34.456619
2026-02-01 21:58:52 - kse.server.kse_server - INFO - Indexed domains: 13
2026-02-01 21:58:52 - kse.server.kse_server - INFO - Total documents: 0
2026-02-01 21:58:52 - kse.server.kse_server - INFO - Loading allowed domains...
2026-02-01 21:58:52 - kse.server.kse_server - INFO - Loaded 13 allowed domains
2026-02-01 21:58:52 - kse.server.kse_server - INFO - Detecting network information...
2026-02-01 21:58:52 - kse.server.kse_server - INFO - Network info: {'public_ip': '188.149.136.91', 'local_ip': '188.149.136.91', 'hostname': 'AID9203'}
2026-02-01 21:58:52 - kse.server.kse_server - INFO - Monitoring enabled
2026-02-01 21:58:52 - kse.server.kse_server - INFO - KSE Server initialized
