2026-01-30 09:20:38 - kse.storage.kse_storage_manager - INFO - Storage initialized at C:\Users\akoj2\Downloads\klar-ksesc (1)\klar-ksesc\data
2026-01-30 09:21:00 - kse.storage.kse_storage_manager - INFO - inverted index saved: 3 entries
2026-01-30 09:21:05 - kse.storage.kse_storage_manager - INFO - Storage initialized at C:\Users\akoj2\Downloads\klar-ksesc (1)\klar-ksesc\data
2026-01-30 09:21:05 - kse.storage.kse_storage_manager - INFO - inverted index loaded: 3 entries
2026-01-30 10:57:46 - kse.storage.kse_storage_manager - INFO - Storage initialized at C:\Users\akoj2\Downloads\klar-ksesc (1)\klar-ksesc\data
2026-01-30 10:58:39 - kse.storage.kse_storage_manager - INFO - inverted index loaded: 3 entries
2026-01-30 10:58:39 - kse.storage.kse_storage_manager - INFO - inverted index saved: 3 entries
2026-01-30 10:58:46 - kse.storage.kse_storage_manager - INFO - Storage initialized at C:\Users\akoj2\Downloads\klar-ksesc (1)\klar-ksesc\data
2026-01-30 10:58:46 - kse.storage.kse_storage_manager - INFO - inverted index loaded: 3 entries
2026-01-31 00:37:29 - kse.storage.kse_storage_manager - INFO - Storage initialized at C:\Users\akoj2\Downloads\klar-ksesc (1)\klar-ksesc\data
2026-01-31 00:37:42 - kse.storage.kse_storage_manager - INFO - Storage initialized at C:\Users\akoj2\Downloads\klar-ksesc (1)\klar-ksesc\data
2026-01-31 00:37:42 - kse.storage.kse_storage_manager - INFO - inverted index loaded: 3 entries
2026-01-31 00:43:28 - kse.storage.kse_storage_manager - INFO - Storage initialized at C:\Users\akoj2\Downloads\klar-ksesc (1)\klar-ksesc\data
2026-01-31 00:47:02 - kse.storage.kse_storage_manager - INFO - inverted index saved: 3 entries
2026-01-31 00:58:42 - kse.storage.kse_storage_manager - INFO - Storage initialized at C:\Users\akoj2\Downloads\klar-ksesc (1)\klar-ksesc\data
2026-01-31 00:58:42 - kse.storage.kse_storage_manager - INFO - inverted index loaded: 3 entries
2026-01-31 19:40:48 - kse.storage.kse_storage_manager - INFO - Storage initialized at C:\Users\akoj2\Downloads\klar-klar-browser (1)\klar-klar-browser\server\data
2026-01-31 19:40:59 - kse.storage.kse_storage_manager - INFO - Storage initialized at C:\Users\akoj2\Downloads\klar-klar-browser (1)\klar-klar-browser\server\data
2026-01-31 19:40:59 - kse.storage.kse_storage_manager - INFO - inverted index loaded: 3 entries
2026-01-31 20:04:47 - kse.storage.kse_storage_manager - INFO - Storage initialized at C:\Users\akoj2\Downloads\klar-klar-browser (1)\klar-klar-browser\server\data
2026-01-31 20:05:09 - kse.storage.kse_storage_manager - INFO - inverted index saved: 3 entries
2026-01-31 20:05:50 - kse.storage.kse_storage_manager - INFO - Storage initialized at C:\Users\akoj2\Downloads\klar-klar-browser (1)\klar-klar-browser\server\data
2026-01-31 20:05:50 - kse.storage.kse_storage_manager - INFO - inverted index loaded: 3 entries
2026-01-31 20:07:54 - kse.storage.kse_storage_manager - INFO - Storage initialized at C:\Users\akoj2\Downloads\klar-klar-browser (1)\klar-klar-browser\server\data
2026-01-31 20:12:28 - kse.storage.kse_storage_manager - INFO - Storage initialized at C:\Users\akoj2\Downloads\klar-klar-browser (1)\klar-klar-browser\server\data
2026-01-31 20:13:36 - kse.storage.kse_storage_manager - INFO - inverted index saved: 3 entries
2026-01-31 20:13:59 - kse.storage.kse_storage_manager - INFO - Storage initialized at C:\Users\akoj2\Downloads\klar-klar-browser (1)\klar-klar-browser\server\data
2026-01-31 20:13:59 - kse.storage.kse_storage_manager - INFO - inverted index loaded: 3 entries
2026-01-31 20:20:36 - kse.storage.kse_storage_manager - INFO - Storage initialized at C:\Users\akoj2\Downloads\klar-klar-browser (1)\klar-klar-browser\server\data
2026-01-31 20:20:58 - kse.storage.kse_storage_manager - INFO - inverted index saved: 3 entries
2026-01-31 20:21:58 - kse.storage.kse_storage_manager - INFO - Storage initialized at C:\Users\akoj2\Downloads\klar-klar-browser (1)\klar-klar-browser\server\data
2026-01-31 20:21:58 - kse.storage.kse_storage_manager - INFO - inverted index loaded: 3 entries
2026-01-31 20:28:09 - kse.storage.kse_storage_manager - INFO - Storage initialized at C:\Users\akoj2\Downloads\klar-klar-browser (1)\klar-klar-browser\server\data
2026-01-31 20:33:09 - kse.storage.kse_storage_manager - INFO - inverted index saved: 3 entries
2026-01-31 20:33:21 - kse.storage.kse_storage_manager - INFO - Storage initialized at C:\Users\akoj2\Downloads\klar-klar-browser (1)\klar-klar-browser\server\data
2026-01-31 20:33:21 - kse.storage.kse_storage_manager - INFO - inverted index loaded: 3 entries
2026-01-31 20:40:32 - kse.storage.kse_storage_manager - INFO - Storage initialized at C:\Users\akoj2\Downloads\klar-klar-browser (1)\klar-klar-browser\server\data
2026-01-31 20:50:47 - kse.storage.kse_storage_manager - INFO - inverted index saved: 3 entries
2026-01-31 20:51:58 - kse.storage.kse_storage_manager - INFO - Storage initialized at C:\Users\akoj2\Downloads\klar-klar-browser (1)\klar-klar-browser\server\data
2026-01-31 20:51:58 - kse.storage.kse_storage_manager - INFO - inverted index loaded: 3 entries
2026-01-31 21:12:07 - kse.storage.kse_storage_manager - INFO - Storage initialized at C:\Users\akoj2\Downloads\klar-klar-browser (1)\klar-klar-browser\server\data
2026-01-31 21:13:10 - kse.storage.kse_storage_manager - INFO - inverted index saved: 3 entries
2026-01-31 21:13:15 - kse.storage.kse_storage_manager - INFO - Storage initialized at C:\Users\akoj2\Downloads\klar-klar-browser (1)\klar-klar-browser\server\data
2026-01-31 21:13:15 - kse.storage.kse_storage_manager - INFO - inverted index loaded: 3 entries
2026-01-31 21:22:26 - kse.storage.kse_storage_manager - INFO - Storage initialized at C:\Users\akoj2\Downloads\klar-klar-browser (1)\klar-klar-browser\server\data
2026-01-31 21:22:38 - kse.storage.kse_storage_manager - INFO - inverted index saved: 3 entries
2026-01-31 21:22:42 - kse.storage.kse_storage_manager - INFO - Storage initialized at C:\Users\akoj2\Downloads\klar-klar-browser (1)\klar-klar-browser\server\data
2026-01-31 21:22:42 - kse.storage.kse_storage_manager - INFO - inverted index loaded: 3 entries
2026-01-31 21:26:42 - kse.storage.kse_storage_manager - INFO - Storage initialized at C:\Users\akoj2\Downloads\klar-klar-browser (1)\klar-klar-browser\server\data
2026-01-31 21:26:48 - kse.storage.kse_storage_manager - INFO - inverted index saved: 3 entries
2026-01-31 21:26:53 - kse.storage.kse_storage_manager - INFO - Storage initialized at C:\Users\akoj2\Downloads\klar-klar-browser (1)\klar-klar-browser\server\data
2026-01-31 21:26:53 - kse.storage.kse_storage_manager - INFO - inverted index loaded: 3 entries
2026-01-31 22:29:30 - kse.storage.kse_storage_manager - INFO - Storage initialized at C:\Users\akoj2\Downloads\klar-klar-browser (1)\klar-klar-browser\server\data
2026-01-31 22:29:40 - kse.storage.kse_storage_manager - INFO - inverted index saved: 3 entries
2026-01-31 22:29:44 - kse.storage.kse_storage_manager - INFO - Storage initialized at C:\Users\akoj2\Downloads\klar-klar-browser (1)\klar-klar-browser\server\data
2026-01-31 22:29:44 - kse.storage.kse_storage_manager - INFO - inverted index loaded: 3 entries
2026-01-31 22:32:04 - kse.storage.kse_storage_manager - INFO - Storage initialized at C:\Users\akoj2\Downloads\klar-klar-browser (1)\klar-klar-browser\server\data
2026-01-31 22:32:09 - kse.storage.kse_storage_manager - INFO - inverted index saved: 3 entries
2026-01-31 22:32:22 - kse.storage.kse_storage_manager - INFO - Storage initialized at C:\Users\akoj2\Downloads\klar-klar-browser (1)\klar-klar-browser\server\data
2026-01-31 22:32:22 - kse.storage.kse_storage_manager - INFO - inverted index loaded: 3 entries
2026-01-31 22:58:25 - kse.storage.kse_storage_manager - INFO - Storage initialized at C:\Users\akoj2\Downloads\klar-klar-browser (1)\klar-klar-browser\server\data
2026-01-31 22:59:00 - kse.storage.kse_storage_manager - INFO - Storage initialized at C:\Users\akoj2\Downloads\klar-klar-browser (1)\klar-klar-browser\server\data
2026-01-31 22:59:10 - kse.storage.kse_storage_manager - INFO - inverted index saved: 3 entries
2026-01-31 22:59:13 - kse.storage.kse_storage_manager - INFO - Storage initialized at C:\Users\akoj2\Downloads\klar-klar-browser (1)\klar-klar-browser\server\data
2026-01-31 22:59:13 - kse.storage.kse_storage_manager - INFO - inverted index loaded: 3 entries
2026-01-31 22:59:34 - kse.storage.kse_storage_manager - INFO - Storage initialized at C:\Users\akoj2\Downloads\klar-klar-browser (1)\klar-klar-browser\server\data
2026-01-31 22:59:34 - kse.storage.kse_storage_manager - INFO - inverted index loaded: 3 entries
2026-01-31 23:00:20 - kse.storage.kse_storage_manager - INFO - Storage initialized at C:\Users\akoj2\Downloads\klar-klar-browser (1)\klar-klar-browser\server\data
2026-01-31 23:00:20 - kse.storage.kse_storage_manager - INFO - inverted index loaded: 3 entries
2026-01-31 23:01:43 - kse.storage.kse_storage_manager - INFO - Storage initialized at C:\Users\akoj2\Downloads\klar-klar-browser (1)\klar-klar-browser\server\data
2026-01-31 23:03:46 - kse.storage.kse_storage_manager - INFO - Storage initialized at C:\Users\akoj2\Downloads\klar-klar-browser (1)\klar-klar-browser\server\data
2026-01-31 23:03:57 - kse.storage.kse_storage_manager - INFO - Storage initialized at C:\Users\akoj2\Downloads\klar-klar-browser (1)\klar-klar-browser\server\data
2026-01-31 23:04:18 - kse.storage.kse_storage_manager - INFO - inverted index saved: 3 entries
2026-01-31 23:04:23 - kse.storage.kse_storage_manager - INFO - Storage initialized at C:\Users\akoj2\Downloads\klar-klar-browser (1)\klar-klar-browser\server\data
2026-01-31 23:04:23 - kse.storage.kse_storage_manager - INFO - inverted index loaded: 3 entries
2026-01-31 23:14:06 - kse.storage.kse_storage_manager - INFO - Storage initialized at C:\Users\akoj2\Downloads\klar-klar-browser (1)\klar-klar-browser\server\data
2026-01-31 23:14:06 - kse.storage.kse_storage_manager - INFO - inverted index loaded: 3 entries
2026-01-31 23:18:45 - kse.storage.kse_storage_manager - INFO - Storage initialized at C:\Users\akoj2\Downloads\klar-klar-browser (1)\klar-klar-browser\server\data
2026-01-31 23:18:45 - kse.storage.kse_storage_manager - INFO - inverted index loaded: 3 entries
2026-01-31 23:46:21 - kse.storage.kse_storage_manager - INFO - Storage initialized at C:\Users\akoj2\Downloads\klar-klar-browser (1)\klar-klar-browser\server\data
2026-01-31 23:46:21 - kse.storage.kse_storage_manager - INFO - inverted index loaded: 3 entries
2026-02-01 14:27:12 - kse.storage.kse_storage_manager - INFO - Storage initialized at C:\Users\akoj2\Downloads\klar-klar-browser (1)\klar-klar-browser\server\data
2026-02-01 14:27:33 - kse.storage.kse_storage_manager - INFO - Storage initialized at C:\Users\akoj2\Desktop\klar\V1\1.0\KSE\data
2026-02-01 15:19:57 - kse.storage.kse_storage_manager - INFO - inverted index saved: 3 entries
2026-02-01 15:35:27 - kse.storage.kse_storage_manager - INFO - Storage initialized at C:\Users\akoj2\Downloads\klar-klar-browser (1)\klar-klar-browser\server\data
2026-02-01 15:39:55 - kse.storage.kse_storage_manager - INFO - Storage initialized at C:\Users\akoj2\Downloads\klar-klar-browser (1)\klar-klar-browser\server\data
2026-02-01 16:05:53 - kse.storage.kse_storage_manager - INFO - Storage initialized at C:\Users\akoj2\Downloads\klar-klar-browser (1)\klar-klar-browser\server\data
2026-02-01 16:06:18 - kse.storage.kse_storage_manager - INFO - Storage initialized at C:\Users\akoj2\Downloads\klar-klar-browser (1)\klar-klar-browser\server\data
2026-02-01 16:09:20 - kse.storage.kse_storage_manager - INFO - Storage initialized at C:\Users\akoj2\Downloads\klar-klar-browser (1)\klar-klar-browser\server\data
2026-02-01 16:10:06 - kse.storage.kse_storage_manager - INFO - Storage initialized at C:\Users\akoj2\Downloads\klar-klar-browser (1)\klar-klar-browser\server\data
2026-02-01 16:14:19 - kse.storage.kse_storage_manager - INFO - Storage initialized at C:\Users\akoj2\Downloads\klar-klar-browser (1)\klar-klar-browser\server\data
2026-02-01 16:18:45 - kse.storage.kse_storage_manager - INFO - Storage initialized at C:\Users\akoj2\Downloads\klar-klar-browser (1)\klar-klar-browser\server\data
2026-02-01 16:20:05 - kse.storage.kse_storage_manager - INFO - Storage initialized at C:\Users\akoj2\Downloads\klar-klar-browser (1)\klar-klar-browser\server\data
2026-02-01 16:20:20 - kse.storage.kse_storage_manager - INFO - Storage initialized at C:\Users\akoj2\Downloads\klar-klar-browser (1)\klar-klar-browser\server\data
2026-02-01 16:21:57 - kse.storage.kse_storage_manager - INFO - Storage initialized at C:\Users\akoj2\Downloads\klar-klar-browser (1)\klar-klar-browser\server\data
2026-02-01 16:23:55 - kse.storage.kse_storage_manager - INFO - Storage initialized at C:\Users\akoj2\Downloads\klar-klar-browser (1)\klar-klar-browser\server\data
2026-02-01 16:26:09 - kse.storage.kse_storage_manager - INFO - Storage initialized at C:\Users\akoj2\Downloads\klar-klar-browser (1)\klar-klar-browser\server\data
2026-02-01 16:38:17 - kse.storage.kse_storage_manager - INFO - Storage initialized at C:\Users\akoj2\Downloads\klar-klar-browser (1)\klar-klar-browser\server\data
2026-02-01 16:39:31 - kse.storage.kse_storage_manager - INFO - Storage initialized at C:\Users\akoj2\Downloads\klar-klar-browser (1)\klar-klar-browser\server\data
2026-02-01 16:39:46 - kse.storage.kse_storage_manager - INFO - Storage initialized at C:\Users\akoj2\Downloads\klar-klar-browser (1)\klar-klar-browser\server\data
2026-02-01 16:40:38 - kse.storage.kse_storage_manager - INFO - Storage initialized at C:\Users\akoj2\Desktop\klar\V1\1.0\KSE\data
2026-02-01 16:40:54 - kse.storage.kse_storage_manager - INFO - Storage initialized at C:\Users\akoj2\Desktop\klar\V1\1.0\KSE\data
2026-02-01 16:40:59 - kse.storage.kse_storage_manager - INFO - inverted index saved: 3 entries
2026-02-01 16:41:06 - kse.storage.kse_storage_manager - INFO - Storage initialized at C:\Users\akoj2\Desktop\klar\V1\1.0\KSE\data
2026-02-01 16:41:06 - kse.storage.kse_storage_manager - INFO - inverted index loaded: 3 entries
2026-02-01 16:43:45 - kse.storage.kse_storage_manager - INFO - Storage initialized at C:\Users\akoj2\Desktop\klar\V1\1.0\KSE\data
2026-02-01 16:43:45 - kse.storage.kse_storage_manager - INFO - inverted index loaded: 3 entries
2026-02-01 16:45:45 - kse.storage.kse_storage_manager - INFO - Storage initialized at C:\Users\akoj2\Desktop\klar\V1\1.0\KSE\data
2026-02-01 16:45:45 - kse.storage.kse_storage_manager - INFO - inverted index loaded: 3 entries
2026-02-01 16:51:41 - kse.storage.kse_storage_manager - INFO - Storage initialized at C:\Users\akoj2\Desktop\klar\V1\1.0\KSE\data
2026-02-01 19:10:15 - kse.storage.kse_storage_manager - INFO - Storage initialized at C:\Users\akoj2\Desktop\klar\V1\1.0\backup\data
2026-02-01 19:10:22 - kse.storage.kse_storage_manager - INFO - Storage initialized at C:\Users\akoj2\Desktop\klar\V1\1.0\backup\data
2026-02-01 19:11:28 - kse.storage.kse_storage_manager - INFO - inverted index saved: 3 entries
2026-02-01 19:12:01 - kse.storage.kse_storage_manager - INFO - Storage initialized at C:\Users\akoj2\Desktop\klar\V1\1.0\backup\data
2026-02-01 19:12:01 - kse.storage.kse_storage_manager - INFO - inverted index loaded: 3 entries
2026-02-01 19:38:00 - kse.storage.kse_storage_manager - INFO - Storage initialized at C:\Users\akoj2\Desktop\klar\V1\1.0\backup\data
2026-02-01 19:38:19 - kse.storage.kse_storage_manager - INFO - Storage initialized at C:\Users\akoj2\Desktop\klar\V1\1.0\backup\data
2026-02-01 21:22:51 - kse.storage.kse_storage_manager - INFO - inverted index saved: 3 entries
2026-02-01 21:23:02 - kse.storage.kse_storage_manager - INFO - Storage initialized at C:\Users\akoj2\Desktop\klar\V1\1.0\backup\data
2026-02-01 21:23:03 - kse.storage.kse_storage_manager - INFO - inverted index loaded: 3 entries
2026-02-01 21:25:02 - kse.storage.kse_storage_manager - INFO - Storage initialized at C:\Users\akoj2\Desktop\klar\V1\1.0\backup\data
2026-02-01 21:25:02 - kse.storage.kse_storage_manager - INFO - inverted index loaded: 3 entries
2026-02-01 21:28:58 - kse.storage.kse_storage_manager - INFO - Storage initialized at C:\Users\akoj2\Desktop\klar\V1\1.0\backup\data
2026-02-01 21:28:58 - kse.storage.kse_storage_manager - INFO - inverted index loaded: 3 entries
2026-02-01 21:32:02 - kse.storage.kse_storage_manager - INFO - Storage initialized at C:\Users\akoj2\Desktop\klar\V1\1.0\backup\data
2026-02-01 21:32:03 - kse.storage.kse_storage_manager - INFO - inverted index loaded: 3 entries
2026-02-01 21:37:05 - kse.storage.kse_storage_manager - INFO - Storage initialized at C:\Users\akoj2\Desktop\klar\V1\1.0\backup\data
2026-02-01 21:37:36 - kse.storage.kse_storage_manager - INFO - Storage initialized at C:\Users\akoj2\Desktop\klar\V1\1.0\backup\data
2026-02-01 21:37:37 - kse.storage.kse_storage_manager - INFO - inverted index loaded: 3 entries
2026-02-01 21:40:44 - kse.storage.kse_storage_manager - INFO - Storage initialized at C:\Users\akoj2\Desktop\klar\V1\1.0\backup\data
2026-02-01 21:42:36 - kse.storage.kse_storage_manager - INFO - Storage initialized at C:\Users\akoj2\Desktop\klar\V1\1.0\backup\data
2026-02-01 21:42:36 - kse.storage.kse_storage_manager - INFO - inverted index saved: 3 entries
2026-02-01 21:43:27 - kse.storage.kse_storage_manager - INFO - Storage initialized at C:\Users\akoj2\Desktop\klar\V1\1.0\backup\data
2026-02-01 21:57:34 - kse.storage.kse_storage_manager - INFO - Storage initialized at C:\Users\akoj2\Desktop\klar\V1\1.0\backup\data
2026-02-01 21:57:39 - kse.storage.kse_storage_manager - INFO - Storage initialized at C:\Users\akoj2\Desktop\klar\V1\1.0\backup\data
2026-02-01 21:58:43 - kse.storage.kse_storage_manager - INFO - inverted index saved: 3 entries
2026-02-01 21:58:52 - kse.storage.kse_storage_manager - INFO - Storage initialized at C:\Users\akoj2\Desktop\klar\V1\1.0\backup\data
2026-02-01 21:58:52 - kse.storage.kse_storage_manager - INFO - inverted index loaded: 3 entries
